INFO 2025-10-25 15:32:46,796 autoreload 2419 140704574281280 Watching for file changes with StatReloader
INFO 2025-10-25 15:36:45,251 autoreload 2419 140704574281280 /Users/sw-team/Desktop/meeting-space-saas/manage.py changed, reloading.
INFO 2025-10-25 15:39:07,103 autoreload 2456 140704574281280 Watching for file changes with StatReloader
INFO 2025-10-27 16:44:27,813 autoreload 2930 140704725984832 Watching for file changes with StatReloader
INFO 2025-10-27 16:46:41,396 autoreload 2930 140704725984832 /Users/sw-team/Desktop/meeting-space-saas/apps/accounts/apps.py changed, reloading.
INFO 2025-10-27 16:46:41,713 autoreload 2959 140704725984832 Watching for file changes with StatReloader
INFO 2025-10-27 16:48:29,990 autoreload 2959 140704725984832 /Users/sw-team/Desktop/meeting-space-saas/config/settings.py changed, reloading.
INFO 2025-10-27 16:48:30,303 autoreload 2979 140704725984832 Watching for file changes with StatReloader
INFO 2025-10-27 16:49:21,004 autoreload 2979 140704725984832 /Users/sw-team/Desktop/meeting-space-saas/config/settings.py changed, reloading.
INFO 2025-10-27 16:49:21,311 autoreload 2994 140704725984832 Watching for file changes with StatReloader
INFO 2025-10-27 16:51:21,718 autoreload 2994 140704725984832 /Users/sw-team/Desktop/meeting-space-saas/config/settings.py changed, reloading.
INFO 2025-10-28 14:15:18,921 autoreload 2081 140704414914112 Watching for file changes with StatReloader
INFO 2025-10-28 14:16:11,670 autoreload 2081 140704414914112 /Users/sw-team/Desktop/meeting-space-saas/config/settings.py changed, reloading.
INFO 2025-10-28 14:16:11,971 autoreload 2089 140704414914112 Watching for file changes with StatReloader
INFO 2025-10-28 14:16:24,285 autoreload 2089 140704414914112 /Users/sw-team/Desktop/meeting-space-saas/config/settings.py changed, reloading.
INFO 2025-10-28 14:16:24,595 autoreload 2091 140704414914112 Watching for file changes with StatReloader
INFO 2025-10-29 09:10:19,888 autoreload 1223 140704605980224 Watching for file changes with StatReloader
INFO 2025-11-07 16:51:24,559 autoreload 2527 140704663365184 Watching for file changes with StatReloader
INFO 2025-11-07 16:57:48,790 autoreload 2527 140704663365184 /Users/sw-team/Desktop/meeting-space-saas/apps/accounts/apps.py changed, reloading.
INFO 2025-11-07 16:57:49,101 autoreload 2642 140704663365184 Watching for file changes with StatReloader
INFO 2025-11-07 16:58:21,591 autoreload 2642 140704663365184 /Users/sw-team/Desktop/meeting-space-saas/apps/bookings/apps.py changed, reloading.
INFO 2025-11-07 16:58:21,962 autoreload 2654 140704663365184 Watching for file changes with StatReloader
INFO 2025-11-08 09:57:33,073 autoreload 1566 140704467564096 Watching for file changes with StatReloader
INFO 2025-11-08 09:58:51,727 autoreload 1588 140704467564096 Watching for file changes with StatReloader
INFO 2025-11-08 10:01:11,454 autoreload 1588 140704467564096 /Users/sw-team/Desktop/meeting-space-saas/apps/bookings/apps.py changed, reloading.
INFO 2025-11-08 10:01:11,837 autoreload 1604 140704467564096 Watching for file changes with StatReloader
INFO 2025-11-08 10:01:19,090 autoreload 1604 140704467564096 /Users/sw-team/Desktop/meeting-space-saas/apps/bookings/apps.py changed, reloading.
INFO 2025-11-08 10:01:19,464 autoreload 1608 140704467564096 Watching for file changes with StatReloader
INFO 2025-11-08 10:14:23,887 autoreload 1682 140704467564096 Watching for file changes with StatReloader
INFO 2025-11-08 10:16:18,448 autoreload 1682 140704467564096 /Users/sw-team/Desktop/meeting-space-saas/apps/bookings/models.py changed, reloading.
INFO 2025-11-08 10:16:18,830 autoreload 1694 140704467564096 Watching for file changes with StatReloader
INFO 2025-11-08 11:31:08,633 autoreload 1983 140704467564096 Watching for file changes with StatReloader
INFO 2025-11-10 09:13:30,662 autoreload 1206 140704586987072 Watching for file changes with StatReloader
INFO 2025-11-10 09:59:42,843 autoreload 1537 140704586987072 Watching for file changes with StatReloader
INFO 2025-11-10 09:59:45,612 basehttp 1537 123145523585024 "GET / HTTP/1.1" 302 0
ERROR 2025-11-10 09:59:45,680 log 1537 123145523585024 Internal Server Error: /login/
Traceback (most recent call last):
  File "/Users/sw-team/Desktop/meeting-space-saas/env/lib/python3.9/site-packages/django/core/handlers/exception.py", line 55, in inner
    response = get_response(request)
  File "/Users/sw-team/Desktop/meeting-space-saas/env/lib/python3.9/site-packages/django/core/handlers/base.py", line 220, in _get_response
    response = response.render()
  File "/Users/sw-team/Desktop/meeting-space-saas/env/lib/python3.9/site-packages/django/template/response.py", line 114, in render
    self.content = self.rendered_content
  File "/Users/sw-team/Desktop/meeting-space-saas/env/lib/python3.9/site-packages/django/template/response.py", line 92, in rendered_content
    return template.render(context, self._request)
  File "/Users/sw-team/Desktop/meeting-space-saas/env/lib/python3.9/site-packages/django/template/backends/django.py", line 61, in render
    return self.template.render(context)
  File "/Users/sw-team/Desktop/meeting-space-saas/env/lib/python3.9/site-packages/django/template/base.py", line 175, in render
    return self._render(context)
  File "/Users/sw-team/Desktop/meeting-space-saas/env/lib/python3.9/site-packages/django/template/base.py", line 167, in _render
    return self.nodelist.render(context)
  File "/Users/sw-team/Desktop/meeting-space-saas/env/lib/python3.9/site-packages/django/template/base.py", line 1005, in render
    return SafeString("".join([node.render_annotated(context) for node in self]))
  File "/Users/sw-team/Desktop/meeting-space-saas/env/lib/python3.9/site-packages/django/template/base.py", line 1005, in <listcomp>
    return SafeString("".join([node.render_annotated(context) for node in self]))
  File "/Users/sw-team/Desktop/meeting-space-saas/env/lib/python3.9/site-packages/django/template/base.py", line 966, in render_annotated
    return self.render(context)
  File "/Users/sw-team/Desktop/meeting-space-saas/env/lib/python3.9/site-packages/django/template/loader_tags.py", line 157, in render
    return compiled_parent._render(context)
  File "/Users/sw-team/Desktop/meeting-space-saas/env/lib/python3.9/site-packages/django/template/base.py", line 167, in _render
    return self.nodelist.render(context)
  File "/Users/sw-team/Desktop/meeting-space-saas/env/lib/python3.9/site-packages/django/template/base.py", line 1005, in render
    return SafeString("".join([node.render_annotated(context) for node in self]))
  File "/Users/sw-team/Desktop/meeting-space-saas/env/lib/python3.9/site-packages/django/template/base.py", line 1005, in <listcomp>
    return SafeString("".join([node.render_annotated(context) for node in self]))
  File "/Users/sw-team/Desktop/meeting-space-saas/env/lib/python3.9/site-packages/django/template/base.py", line 966, in render_annotated
    return self.render(context)
  File "/Users/sw-team/Desktop/meeting-space-saas/env/lib/python3.9/site-packages/django/template/defaulttags.py", line 471, in render
    url = reverse(view_name, args=args, kwargs=kwargs, current_app=current_app)
  File "/Users/sw-team/Desktop/meeting-space-saas/env/lib/python3.9/site-packages/django/urls/base.py", line 88, in reverse
    return resolver._reverse_with_prefix(view, prefix, *args, **kwargs)
  File "/Users/sw-team/Desktop/meeting-space-saas/env/lib/python3.9/site-packages/django/urls/resolvers.py", line 828, in _reverse_with_prefix
    raise NoReverseMatch(msg)
django.urls.exceptions.NoReverseMatch: Reverse for 'dashboard' not found. 'dashboard' is not a valid view function or pattern name.
ERROR 2025-11-10 09:59:45,690 basehttp 1537 123145523585024 "GET /login/?next=/ HTTP/1.1" 500 136198
WARNING 2025-11-10 09:59:45,841 log 1537 123145523585024 Not Found: /favicon.ico
WARNING 2025-11-10 09:59:45,842 basehttp 1537 123145523585024 "GET /favicon.ico HTTP/1.1" 404 6814
INFO 2025-11-10 14:34:14,323 autoreload 2507 140704586987072 Watching for file changes with StatReloader
INFO 2025-11-10 14:34:18,098 basehttp 2507 123145531125760 "GET / HTTP/1.1" 302 0
ERROR 2025-11-10 14:34:18,170 log 2507 123145531125760 Internal Server Error: /login/
Traceback (most recent call last):
  File "/Users/sw-team/Desktop/meeting-space-saas/env/lib/python3.9/site-packages/django/core/handlers/exception.py", line 55, in inner
    response = get_response(request)
  File "/Users/sw-team/Desktop/meeting-space-saas/env/lib/python3.9/site-packages/django/core/handlers/base.py", line 220, in _get_response
    response = response.render()
  File "/Users/sw-team/Desktop/meeting-space-saas/env/lib/python3.9/site-packages/django/template/response.py", line 114, in render
    self.content = self.rendered_content
  File "/Users/sw-team/Desktop/meeting-space-saas/env/lib/python3.9/site-packages/django/template/response.py", line 92, in rendered_content
    return template.render(context, self._request)
  File "/Users/sw-team/Desktop/meeting-space-saas/env/lib/python3.9/site-packages/django/template/backends/django.py", line 61, in render
    return self.template.render(context)
  File "/Users/sw-team/Desktop/meeting-space-saas/env/lib/python3.9/site-packages/django/template/base.py", line 175, in render
    return self._render(context)
  File "/Users/sw-team/Desktop/meeting-space-saas/env/lib/python3.9/site-packages/django/template/base.py", line 167, in _render
    return self.nodelist.render(context)
  File "/Users/sw-team/Desktop/meeting-space-saas/env/lib/python3.9/site-packages/django/template/base.py", line 1005, in render
    return SafeString("".join([node.render_annotated(context) for node in self]))
  File "/Users/sw-team/Desktop/meeting-space-saas/env/lib/python3.9/site-packages/django/template/base.py", line 1005, in <listcomp>
    return SafeString("".join([node.render_annotated(context) for node in self]))
  File "/Users/sw-team/Desktop/meeting-space-saas/env/lib/python3.9/site-packages/django/template/base.py", line 966, in render_annotated
    return self.render(context)
  File "/Users/sw-team/Desktop/meeting-space-saas/env/lib/python3.9/site-packages/django/template/loader_tags.py", line 157, in render
    return compiled_parent._render(context)
  File "/Users/sw-team/Desktop/meeting-space-saas/env/lib/python3.9/site-packages/django/template/base.py", line 167, in _render
    return self.nodelist.render(context)
  File "/Users/sw-team/Desktop/meeting-space-saas/env/lib/python3.9/site-packages/django/template/base.py", line 1005, in render
    return SafeString("".join([node.render_annotated(context) for node in self]))
  File "/Users/sw-team/Desktop/meeting-space-saas/env/lib/python3.9/site-packages/django/template/base.py", line 1005, in <listcomp>
    return SafeString("".join([node.render_annotated(context) for node in self]))
  File "/Users/sw-team/Desktop/meeting-space-saas/env/lib/python3.9/site-packages/django/template/base.py", line 966, in render_annotated
    return self.render(context)
  File "/Users/sw-team/Desktop/meeting-space-saas/env/lib/python3.9/site-packages/django/template/defaulttags.py", line 471, in render
    url = reverse(view_name, args=args, kwargs=kwargs, current_app=current_app)
  File "/Users/sw-team/Desktop/meeting-space-saas/env/lib/python3.9/site-packages/django/urls/base.py", line 88, in reverse
    return resolver._reverse_with_prefix(view, prefix, *args, **kwargs)
  File "/Users/sw-team/Desktop/meeting-space-saas/env/lib/python3.9/site-packages/django/urls/resolvers.py", line 828, in _reverse_with_prefix
    raise NoReverseMatch(msg)
django.urls.exceptions.NoReverseMatch: Reverse for 'dashboard' not found. 'dashboard' is not a valid view function or pattern name.
ERROR 2025-11-10 14:34:18,188 basehttp 2507 123145531125760 "GET /login/?next=/ HTTP/1.1" 500 136198
WARNING 2025-11-10 14:34:18,337 log 2507 123145531125760 Not Found: /favicon.ico
WARNING 2025-11-10 14:34:18,337 basehttp 2507 123145531125760 "GET /favicon.ico HTTP/1.1" 404 6814
INFO 2025-11-10 14:43:42,863 autoreload 2507 140704586987072 /Users/sw-team/Desktop/meeting-space-saas/config/settings.py changed, reloading.
INFO 2025-11-10 14:43:43,294 autoreload 2568 140704586987072 Watching for file changes with StatReloader
INFO 2025-11-10 14:43:49,786 basehttp 2568 123145395793920 "GET / HTTP/1.1" 302 0
ERROR 2025-11-10 14:43:49,856 log 2568 123145395793920 Internal Server Error: /login/
Traceback (most recent call last):
  File "/Users/sw-team/Desktop/meeting-space-saas/env/lib/python3.9/site-packages/django/core/handlers/exception.py", line 55, in inner
    response = get_response(request)
  File "/Users/sw-team/Desktop/meeting-space-saas/env/lib/python3.9/site-packages/django/core/handlers/base.py", line 220, in _get_response
    response = response.render()
  File "/Users/sw-team/Desktop/meeting-space-saas/env/lib/python3.9/site-packages/django/template/response.py", line 114, in render
    self.content = self.rendered_content
  File "/Users/sw-team/Desktop/meeting-space-saas/env/lib/python3.9/site-packages/django/template/response.py", line 92, in rendered_content
    return template.render(context, self._request)
  File "/Users/sw-team/Desktop/meeting-space-saas/env/lib/python3.9/site-packages/django/template/backends/django.py", line 61, in render
    return self.template.render(context)
  File "/Users/sw-team/Desktop/meeting-space-saas/env/lib/python3.9/site-packages/django/template/base.py", line 175, in render
    return self._render(context)
  File "/Users/sw-team/Desktop/meeting-space-saas/env/lib/python3.9/site-packages/django/template/base.py", line 167, in _render
    return self.nodelist.render(context)
  File "/Users/sw-team/Desktop/meeting-space-saas/env/lib/python3.9/site-packages/django/template/base.py", line 1005, in render
    return SafeString("".join([node.render_annotated(context) for node in self]))
  File "/Users/sw-team/Desktop/meeting-space-saas/env/lib/python3.9/site-packages/django/template/base.py", line 1005, in <listcomp>
    return SafeString("".join([node.render_annotated(context) for node in self]))
  File "/Users/sw-team/Desktop/meeting-space-saas/env/lib/python3.9/site-packages/django/template/base.py", line 966, in render_annotated
    return self.render(context)
  File "/Users/sw-team/Desktop/meeting-space-saas/env/lib/python3.9/site-packages/django/template/loader_tags.py", line 157, in render
    return compiled_parent._render(context)
  File "/Users/sw-team/Desktop/meeting-space-saas/env/lib/python3.9/site-packages/django/template/base.py", line 167, in _render
    return self.nodelist.render(context)
  File "/Users/sw-team/Desktop/meeting-space-saas/env/lib/python3.9/site-packages/django/template/base.py", line 1005, in render
    return SafeString("".join([node.render_annotated(context) for node in self]))
  File "/Users/sw-team/Desktop/meeting-space-saas/env/lib/python3.9/site-packages/django/template/base.py", line 1005, in <listcomp>
    return SafeString("".join([node.render_annotated(context) for node in self]))
  File "/Users/sw-team/Desktop/meeting-space-saas/env/lib/python3.9/site-packages/django/template/base.py", line 966, in render_annotated
    return self.render(context)
  File "/Users/sw-team/Desktop/meeting-space-saas/env/lib/python3.9/site-packages/django/template/defaulttags.py", line 471, in render
    url = reverse(view_name, args=args, kwargs=kwargs, current_app=current_app)
  File "/Users/sw-team/Desktop/meeting-space-saas/env/lib/python3.9/site-packages/django/urls/base.py", line 88, in reverse
    return resolver._reverse_with_prefix(view, prefix, *args, **kwargs)
  File "/Users/sw-team/Desktop/meeting-space-saas/env/lib/python3.9/site-packages/django/urls/resolvers.py", line 828, in _reverse_with_prefix
    raise NoReverseMatch(msg)
django.urls.exceptions.NoReverseMatch: Reverse for 'dashboard' not found. 'dashboard' is not a valid view function or pattern name.
ERROR 2025-11-10 14:43:49,869 basehttp 2568 123145395793920 "GET /login/?next=/ HTTP/1.1" 500 136181
INFO 2025-11-10 15:29:45,364 autoreload 2568 140704586987072 /Users/sw-team/Desktop/meeting-space-saas/config/urls.py changed, reloading.
INFO 2025-11-10 15:29:45,778 autoreload 2751 140704586987072 Watching for file changes with StatReloader
WARNING 2025-11-10 15:29:46,908 log 2751 123145455656960 Not Found: /
WARNING 2025-11-10 15:29:46,908 basehttp 2751 123145455656960 "GET / HTTP/1.1" 404 3090
INFO 2025-11-10 15:29:56,584 basehttp 2751 123145455656960 "GET /admin/ HTTP/1.1" 302 0
INFO 2025-11-10 15:29:56,613 basehttp 2751 123145455656960 "GET /admin/login/?next=/admin/ HTTP/1.1" 200 4195
INFO 2025-11-10 15:29:56,625 basehttp 2751 123145455656960 "GET /static/admin/css/base.css HTTP/1.1" 304 0
INFO 2025-11-10 15:29:56,627 basehttp 2751 123145472446464 "GET /static/admin/css/dark_mode.css HTTP/1.1" 304 0
INFO 2025-11-10 15:29:56,627 basehttp 2751 123145489235968 "GET /static/admin/css/login.css HTTP/1.1" 304 0
INFO 2025-11-10 15:29:56,627 basehttp 2751 123145522814976 "GET /static/admin/css/nav_sidebar.css HTTP/1.1" 304 0
INFO 2025-11-10 15:29:56,627 basehttp 2751 123145506025472 "GET /static/admin/css/responsive.css HTTP/1.1" 304 0
INFO 2025-11-10 15:29:56,628 basehttp 2751 123145539604480 "GET /static/admin/js/theme.js HTTP/1.1" 304 0
INFO 2025-11-10 15:29:56,630 basehttp 2751 123145489235968 "GET /static/admin/js/nav_sidebar.js HTTP/1.1" 304 0
WARNING 2025-11-10 15:30:21,880 log 2751 123145489235968 Not Found: /accounts
WARNING 2025-11-10 15:30:21,881 basehttp 2751 123145489235968 "GET /accounts HTTP/1.1" 404 3132
WARNING 2025-11-10 15:30:26,928 log 2751 123145489235968 Not Found: /accounts/
WARNING 2025-11-10 15:30:26,929 basehttp 2751 123145489235968 "GET /accounts/ HTTP/1.1" 404 5397
WARNING 2025-11-10 15:30:46,283 log 2751 123145489235968 Not Found: /
WARNING 2025-11-10 15:30:46,284 basehttp 2751 123145489235968 "GET / HTTP/1.1" 404 3090
INFO 2025-11-10 15:30:54,918 autoreload 2751 140704586987072 /Users/sw-team/Desktop/meeting-space-saas/config/urls.py changed, reloading.
INFO 2025-11-10 15:30:55,345 autoreload 2770 140704586987072 Watching for file changes with StatReloader
INFO 2025-11-10 15:30:58,641 basehttp 2770 123145447104512 "GET / HTTP/1.1" 302 0
ERROR 2025-11-10 15:30:58,711 log 2770 123145447104512 Internal Server Error: /login/
Traceback (most recent call last):
  File "/Users/sw-team/Desktop/meeting-space-saas/env/lib/python3.9/site-packages/django/core/handlers/exception.py", line 55, in inner
    response = get_response(request)
  File "/Users/sw-team/Desktop/meeting-space-saas/env/lib/python3.9/site-packages/django/core/handlers/base.py", line 220, in _get_response
    response = response.render()
  File "/Users/sw-team/Desktop/meeting-space-saas/env/lib/python3.9/site-packages/django/template/response.py", line 114, in render
    self.content = self.rendered_content
  File "/Users/sw-team/Desktop/meeting-space-saas/env/lib/python3.9/site-packages/django/template/response.py", line 92, in rendered_content
    return template.render(context, self._request)
  File "/Users/sw-team/Desktop/meeting-space-saas/env/lib/python3.9/site-packages/django/template/backends/django.py", line 61, in render
    return self.template.render(context)
  File "/Users/sw-team/Desktop/meeting-space-saas/env/lib/python3.9/site-packages/django/template/base.py", line 175, in render
    return self._render(context)
  File "/Users/sw-team/Desktop/meeting-space-saas/env/lib/python3.9/site-packages/django/template/base.py", line 167, in _render
    return self.nodelist.render(context)
  File "/Users/sw-team/Desktop/meeting-space-saas/env/lib/python3.9/site-packages/django/template/base.py", line 1005, in render
    return SafeString("".join([node.render_annotated(context) for node in self]))
  File "/Users/sw-team/Desktop/meeting-space-saas/env/lib/python3.9/site-packages/django/template/base.py", line 1005, in <listcomp>
    return SafeString("".join([node.render_annotated(context) for node in self]))
  File "/Users/sw-team/Desktop/meeting-space-saas/env/lib/python3.9/site-packages/django/template/base.py", line 966, in render_annotated
    return self.render(context)
  File "/Users/sw-team/Desktop/meeting-space-saas/env/lib/python3.9/site-packages/django/template/loader_tags.py", line 157, in render
    return compiled_parent._render(context)
  File "/Users/sw-team/Desktop/meeting-space-saas/env/lib/python3.9/site-packages/django/template/base.py", line 167, in _render
    return self.nodelist.render(context)
  File "/Users/sw-team/Desktop/meeting-space-saas/env/lib/python3.9/site-packages/django/template/base.py", line 1005, in render
    return SafeString("".join([node.render_annotated(context) for node in self]))
  File "/Users/sw-team/Desktop/meeting-space-saas/env/lib/python3.9/site-packages/django/template/base.py", line 1005, in <listcomp>
    return SafeString("".join([node.render_annotated(context) for node in self]))
  File "/Users/sw-team/Desktop/meeting-space-saas/env/lib/python3.9/site-packages/django/template/base.py", line 966, in render_annotated
    return self.render(context)
  File "/Users/sw-team/Desktop/meeting-space-saas/env/lib/python3.9/site-packages/django/template/defaulttags.py", line 471, in render
    url = reverse(view_name, args=args, kwargs=kwargs, current_app=current_app)
  File "/Users/sw-team/Desktop/meeting-space-saas/env/lib/python3.9/site-packages/django/urls/base.py", line 88, in reverse
    return resolver._reverse_with_prefix(view, prefix, *args, **kwargs)
  File "/Users/sw-team/Desktop/meeting-space-saas/env/lib/python3.9/site-packages/django/urls/resolvers.py", line 828, in _reverse_with_prefix
    raise NoReverseMatch(msg)
django.urls.exceptions.NoReverseMatch: Reverse for 'dashboard' not found. 'dashboard' is not a valid view function or pattern name.
ERROR 2025-11-10 15:30:58,721 basehttp 2770 123145447104512 "GET /login/?next=/ HTTP/1.1" 500 136181
INFO 2025-11-10 16:24:28,942 autoreload 3050 140704586987072 Watching for file changes with StatReloader
INFO 2025-11-10 16:24:30,219 basehttp 3050 123145594032128 "GET / HTTP/1.1" 302 0
INFO 2025-11-10 16:24:30,228 basehttp 3050 123145594032128 "GET /login/?next=/ HTTP/1.1" 200 3568
INFO 2025-11-10 16:24:42,686 basehttp 3050 123145594032128 "GET /accounts/register/ HTTP/1.1" 200 6805
INFO 2025-11-10 16:24:53,730 basehttp 3050 123145594032128 "GET /login/?next=/ HTTP/1.1" 200 3568
INFO 2025-11-10 17:16:17,201 autoreload 3238 140704586987072 Watching for file changes with StatReloader
INFO 2025-11-10 17:16:18,470 basehttp 3238 123145354076160 "GET / HTTP/1.1" 302 0
INFO 2025-11-10 17:16:18,480 basehttp 3238 123145354076160 "GET /login/?next=/ HTTP/1.1" 200 3568
INFO 2025-11-10 17:16:22,924 basehttp 3238 123145354076160 "GET /accounts/register/ HTTP/1.1" 200 6805
INFO 2025-11-10 17:16:27,113 basehttp 3238 123145354076160 "POST /accounts/register/ HTTP/1.1" 200 7805
INFO 2025-11-10 17:16:58,522 basehttp 3238 123145354076160 "POST /accounts/register/ HTTP/1.1" 200 7413
INFO 2025-11-10 17:17:16,128 basehttp 3238 123145354076160 "POST /accounts/register/ HTTP/1.1" 200 7177
INFO 2025-11-10 17:17:25,775 basehttp 3238 123145354076160 "POST /accounts/register/ HTTP/1.1" 200 7087
INFO 2025-11-10 17:17:39,464 basehttp 3238 123145354076160 "POST /accounts/register/ HTTP/1.1" 200 7087
INFO 2025-11-10 17:18:13,191 basehttp 3238 123145354076160 "POST /accounts/register/ HTTP/1.1" 200 7337
ERROR 2025-11-10 17:18:26,496 log 3238 123145354076160 Internal Server Error: /accounts/register/
Traceback (most recent call last):
  File "/Users/sw-team/Desktop/meeting-space-saas/env/lib/python3.9/site-packages/django/db/backends/utils.py", line 89, in _execute
    return self.cursor.execute(sql, params)
  File "/Users/sw-team/Desktop/meeting-space-saas/env/lib/python3.9/site-packages/django/db/backends/sqlite3/base.py", line 328, in execute
    return super().execute(query, params)
sqlite3.IntegrityError: UNIQUE constraint failed: accounts_user_profile.user_id

The above exception was the direct cause of the following exception:

Traceback (most recent call last):
  File "/Users/sw-team/Desktop/meeting-space-saas/env/lib/python3.9/site-packages/django/core/handlers/exception.py", line 55, in inner
    response = get_response(request)
  File "/Users/sw-team/Desktop/meeting-space-saas/env/lib/python3.9/site-packages/django/core/handlers/base.py", line 197, in _get_response
    response = wrapped_callback(request, *callback_args, **callback_kwargs)
  File "/Users/sw-team/Desktop/meeting-space-saas/apps/accounts/views.py", line 29, in register
    user = form.save()
  File "/Users/sw-team/Desktop/meeting-space-saas/apps/accounts/forms.py", line 117, in save
    UserProfile.objects.create(
  File "/Users/sw-team/Desktop/meeting-space-saas/env/lib/python3.9/site-packages/django/db/models/manager.py", line 87, in manager_method
    return getattr(self.get_queryset(), name)(*args, **kwargs)
  File "/Users/sw-team/Desktop/meeting-space-saas/env/lib/python3.9/site-packages/django/db/models/query.py", line 658, in create
    obj.save(force_insert=True, using=self.db)
  File "/Users/sw-team/Desktop/meeting-space-saas/env/lib/python3.9/site-packages/django/db/models/base.py", line 814, in save
    self.save_base(
  File "/Users/sw-team/Desktop/meeting-space-saas/env/lib/python3.9/site-packages/django/db/models/base.py", line 877, in save_base
    updated = self._save_table(
  File "/Users/sw-team/Desktop/meeting-space-saas/env/lib/python3.9/site-packages/django/db/models/base.py", line 1020, in _save_table
    results = self._do_insert(
  File "/Users/sw-team/Desktop/meeting-space-saas/env/lib/python3.9/site-packages/django/db/models/base.py", line 1061, in _do_insert
    return manager._insert(
  File "/Users/sw-team/Desktop/meeting-space-saas/env/lib/python3.9/site-packages/django/db/models/manager.py", line 87, in manager_method
    return getattr(self.get_queryset(), name)(*args, **kwargs)
  File "/Users/sw-team/Desktop/meeting-space-saas/env/lib/python3.9/site-packages/django/db/models/query.py", line 1805, in _insert
    return query.get_compiler(using=using).execute_sql(returning_fields)
  File "/Users/sw-team/Desktop/meeting-space-saas/env/lib/python3.9/site-packages/django/db/models/sql/compiler.py", line 1822, in execute_sql
    cursor.execute(sql, params)
  File "/Users/sw-team/Desktop/meeting-space-saas/env/lib/python3.9/site-packages/django/db/backends/utils.py", line 102, in execute
    return super().execute(sql, params)
  File "/Users/sw-team/Desktop/meeting-space-saas/env/lib/python3.9/site-packages/django/db/backends/utils.py", line 67, in execute
    return self._execute_with_wrappers(
  File "/Users/sw-team/Desktop/meeting-space-saas/env/lib/python3.9/site-packages/django/db/backends/utils.py", line 80, in _execute_with_wrappers
    return executor(sql, params, many, context)
  File "/Users/sw-team/Desktop/meeting-space-saas/env/lib/python3.9/site-packages/django/db/backends/utils.py", line 89, in _execute
    return self.cursor.execute(sql, params)
  File "/Users/sw-team/Desktop/meeting-space-saas/env/lib/python3.9/site-packages/django/db/utils.py", line 91, in __exit__
    raise dj_exc_value.with_traceback(traceback) from exc_value
  File "/Users/sw-team/Desktop/meeting-space-saas/env/lib/python3.9/site-packages/django/db/backends/utils.py", line 89, in _execute
    return self.cursor.execute(sql, params)
  File "/Users/sw-team/Desktop/meeting-space-saas/env/lib/python3.9/site-packages/django/db/backends/sqlite3/base.py", line 328, in execute
    return super().execute(query, params)
django.db.utils.IntegrityError: UNIQUE constraint failed: accounts_user_profile.user_id
ERROR 2025-11-10 17:18:26,513 basehttp 3238 123145354076160 "POST /accounts/register/ HTTP/1.1" 500 157111
INFO 2025-11-10 17:48:25,445 autoreload 3238 140704586987072 /Users/sw-team/Desktop/meeting-space-saas/apps/accounts/models.py changed, reloading.
INFO 2025-11-10 17:48:25,859 autoreload 3375 140704586987072 Watching for file changes with StatReloader
INFO 2025-11-10 17:49:29,888 autoreload 3375 140704586987072 /Users/sw-team/Desktop/meeting-space-saas/apps/accounts/models.py changed, reloading.
INFO 2025-11-10 17:49:30,306 autoreload 3392 140704586987072 Watching for file changes with StatReloader
INFO 2025-11-10 17:57:24,522 autoreload 3475 140704586987072 Watching for file changes with StatReloader
INFO 2025-11-10 17:57:25,815 basehttp 3475 123145474228224 "GET / HTTP/1.1" 302 0
INFO 2025-11-10 17:57:25,826 basehttp 3475 123145474228224 "GET /login/?next=/ HTTP/1.1" 200 3568
INFO 2025-11-10 17:57:28,633 basehttp 3475 123145474228224 "GET /accounts/register/ HTTP/1.1" 200 5668
INFO 2025-11-10 18:00:42,548 basehttp 3475 123145474228224 "POST /accounts/register/ HTTP/1.1" 200 6418
INFO 2025-11-11 09:20:01,815 autoreload 1218 140704697972288 Watching for file changes with StatReloader
INFO 2025-11-11 09:20:37,530 basehttp 1218 123145376030720 "GET / HTTP/1.1" 302 0
INFO 2025-11-11 09:20:37,543 basehttp 1218 123145376030720 "GET /login/?next=/ HTTP/1.1" 200 3568
WARNING 2025-11-11 09:20:37,678 log 1218 123145376030720 Not Found: /favicon.ico
WARNING 2025-11-11 09:20:37,679 basehttp 1218 123145376030720 "GET /favicon.ico HTTP/1.1" 404 3158
INFO 2025-11-11 09:20:43,475 basehttp 1218 123145376030720 "GET / HTTP/1.1" 302 0
INFO 2025-11-11 09:20:43,481 basehttp 1218 123145376030720 "GET /login/?next=/ HTTP/1.1" 200 3568
INFO 2025-11-11 09:20:46,929 basehttp 1218 123145376030720 "GET /accounts/register/ HTTP/1.1" 200 5668
INFO 2025-11-11 09:20:51,391 basehttp 1218 123145376030720 "GET /login/ HTTP/1.1" 200 3568
INFO 2025-11-11 09:20:53,319 basehttp 1218 123145376030720 "GET /accounts/register/ HTTP/1.1" 200 5668
INFO 2025-11-11 09:21:45,091 basehttp 1218 123145376030720 "POST /accounts/register/ HTTP/1.1" 200 5942
ERROR 2025-11-11 09:22:04,566 log 1218 123145376030720 Internal Server Error: /accounts/register/
Traceback (most recent call last):
  File "/Users/sw-team/Desktop/meeting-space-saas/env/lib/python3.9/site-packages/django/db/backends/utils.py", line 89, in _execute
    return self.cursor.execute(sql, params)
  File "/Users/sw-team/Desktop/meeting-space-saas/env/lib/python3.9/site-packages/django/db/backends/sqlite3/base.py", line 328, in execute
    return super().execute(query, params)
sqlite3.IntegrityError: UNIQUE constraint failed: accounts_user_profile.user_id

The above exception was the direct cause of the following exception:

Traceback (most recent call last):
  File "/Users/sw-team/Desktop/meeting-space-saas/env/lib/python3.9/site-packages/django/core/handlers/exception.py", line 55, in inner
    response = get_response(request)
  File "/Users/sw-team/Desktop/meeting-space-saas/env/lib/python3.9/site-packages/django/core/handlers/base.py", line 197, in _get_response
    response = wrapped_callback(request, *callback_args, **callback_kwargs)
  File "/Users/sw-team/Desktop/meeting-space-saas/apps/accounts/views.py", line 39, in register
    UserProfile.objects.create(
  File "/Users/sw-team/Desktop/meeting-space-saas/env/lib/python3.9/site-packages/django/db/models/manager.py", line 87, in manager_method
    return getattr(self.get_queryset(), name)(*args, **kwargs)
  File "/Users/sw-team/Desktop/meeting-space-saas/env/lib/python3.9/site-packages/django/db/models/query.py", line 658, in create
    obj.save(force_insert=True, using=self.db)
  File "/Users/sw-team/Desktop/meeting-space-saas/env/lib/python3.9/site-packages/django/db/models/base.py", line 814, in save
    self.save_base(
  File "/Users/sw-team/Desktop/meeting-space-saas/env/lib/python3.9/site-packages/django/db/models/base.py", line 877, in save_base
    updated = self._save_table(
  File "/Users/sw-team/Desktop/meeting-space-saas/env/lib/python3.9/site-packages/django/db/models/base.py", line 1020, in _save_table
    results = self._do_insert(
  File "/Users/sw-team/Desktop/meeting-space-saas/env/lib/python3.9/site-packages/django/db/models/base.py", line 1061, in _do_insert
    return manager._insert(
  File "/Users/sw-team/Desktop/meeting-space-saas/env/lib/python3.9/site-packages/django/db/models/manager.py", line 87, in manager_method
    return getattr(self.get_queryset(), name)(*args, **kwargs)
  File "/Users/sw-team/Desktop/meeting-space-saas/env/lib/python3.9/site-packages/django/db/models/query.py", line 1805, in _insert
    return query.get_compiler(using=using).execute_sql(returning_fields)
  File "/Users/sw-team/Desktop/meeting-space-saas/env/lib/python3.9/site-packages/django/db/models/sql/compiler.py", line 1822, in execute_sql
    cursor.execute(sql, params)
  File "/Users/sw-team/Desktop/meeting-space-saas/env/lib/python3.9/site-packages/django/db/backends/utils.py", line 102, in execute
    return super().execute(sql, params)
  File "/Users/sw-team/Desktop/meeting-space-saas/env/lib/python3.9/site-packages/django/db/backends/utils.py", line 67, in execute
    return self._execute_with_wrappers(
  File "/Users/sw-team/Desktop/meeting-space-saas/env/lib/python3.9/site-packages/django/db/backends/utils.py", line 80, in _execute_with_wrappers
    return executor(sql, params, many, context)
  File "/Users/sw-team/Desktop/meeting-space-saas/env/lib/python3.9/site-packages/django/db/backends/utils.py", line 89, in _execute
    return self.cursor.execute(sql, params)
  File "/Users/sw-team/Desktop/meeting-space-saas/env/lib/python3.9/site-packages/django/db/utils.py", line 91, in __exit__
    raise dj_exc_value.with_traceback(traceback) from exc_value
  File "/Users/sw-team/Desktop/meeting-space-saas/env/lib/python3.9/site-packages/django/db/backends/utils.py", line 89, in _execute
    return self.cursor.execute(sql, params)
  File "/Users/sw-team/Desktop/meeting-space-saas/env/lib/python3.9/site-packages/django/db/backends/sqlite3/base.py", line 328, in execute
    return super().execute(query, params)
django.db.utils.IntegrityError: UNIQUE constraint failed: accounts_user_profile.user_id
ERROR 2025-11-11 09:22:04,584 basehttp 1218 123145376030720 "POST /accounts/register/ HTTP/1.1" 500 152331
INFO 2025-11-17 08:47:54,323 autoreload 1262 140704634279488 Watching for file changes with StatReloader
INFO 2025-11-17 08:47:57,566 basehttp 1262 123145356709888 "GET / HTTP/1.1" 302 0
INFO 2025-11-17 08:47:57,581 basehttp 1262 123145356709888 "GET /login/?next=/ HTTP/1.1" 200 3568
WARNING 2025-11-17 08:47:57,714 log 1262 123145356709888 Not Found: /favicon.ico
WARNING 2025-11-17 08:47:57,714 basehttp 1262 123145356709888 "GET /favicon.ico HTTP/1.1" 404 3158
INFO 2025-11-17 08:48:02,463 basehttp 1262 123145356709888 "GET /accounts/register/ HTTP/1.1" 200 5668
INFO 2025-11-17 08:49:02,176 basehttp 1262 123145356709888 "POST /accounts/register/ HTTP/1.1" 200 5950
INFO 2025-11-17 08:49:30,827 basehttp 1262 123145356709888 "POST /accounts/register/ HTTP/1.1" 200 5940
ERROR 2025-11-17 08:49:38,126 log 1262 123145356709888 Internal Server Error: /accounts/register/
Traceback (most recent call last):
  File "/Users/sw-team/Desktop/meeting-space-saas/env/lib/python3.9/site-packages/django/db/backends/utils.py", line 89, in _execute
    return self.cursor.execute(sql, params)
  File "/Users/sw-team/Desktop/meeting-space-saas/env/lib/python3.9/site-packages/django/db/backends/sqlite3/base.py", line 328, in execute
    return super().execute(query, params)
sqlite3.IntegrityError: UNIQUE constraint failed: accounts_user_profile.user_id

The above exception was the direct cause of the following exception:

Traceback (most recent call last):
  File "/Users/sw-team/Desktop/meeting-space-saas/env/lib/python3.9/site-packages/django/core/handlers/exception.py", line 55, in inner
    response = get_response(request)
  File "/Users/sw-team/Desktop/meeting-space-saas/env/lib/python3.9/site-packages/django/core/handlers/base.py", line 197, in _get_response
    response = wrapped_callback(request, *callback_args, **callback_kwargs)
  File "/Users/sw-team/Desktop/meeting-space-saas/apps/accounts/views.py", line 39, in register
    UserProfile.objects.create(
  File "/Users/sw-team/Desktop/meeting-space-saas/env/lib/python3.9/site-packages/django/db/models/manager.py", line 87, in manager_method
    return getattr(self.get_queryset(), name)(*args, **kwargs)
  File "/Users/sw-team/Desktop/meeting-space-saas/env/lib/python3.9/site-packages/django/db/models/query.py", line 658, in create
    obj.save(force_insert=True, using=self.db)
  File "/Users/sw-team/Desktop/meeting-space-saas/env/lib/python3.9/site-packages/django/db/models/base.py", line 814, in save
    self.save_base(
  File "/Users/sw-team/Desktop/meeting-space-saas/env/lib/python3.9/site-packages/django/db/models/base.py", line 877, in save_base
    updated = self._save_table(
  File "/Users/sw-team/Desktop/meeting-space-saas/env/lib/python3.9/site-packages/django/db/models/base.py", line 1020, in _save_table
    results = self._do_insert(
  File "/Users/sw-team/Desktop/meeting-space-saas/env/lib/python3.9/site-packages/django/db/models/base.py", line 1061, in _do_insert
    return manager._insert(
  File "/Users/sw-team/Desktop/meeting-space-saas/env/lib/python3.9/site-packages/django/db/models/manager.py", line 87, in manager_method
    return getattr(self.get_queryset(), name)(*args, **kwargs)
  File "/Users/sw-team/Desktop/meeting-space-saas/env/lib/python3.9/site-packages/django/db/models/query.py", line 1805, in _insert
    return query.get_compiler(using=using).execute_sql(returning_fields)
  File "/Users/sw-team/Desktop/meeting-space-saas/env/lib/python3.9/site-packages/django/db/models/sql/compiler.py", line 1822, in execute_sql
    cursor.execute(sql, params)
  File "/Users/sw-team/Desktop/meeting-space-saas/env/lib/python3.9/site-packages/django/db/backends/utils.py", line 102, in execute
    return super().execute(sql, params)
  File "/Users/sw-team/Desktop/meeting-space-saas/env/lib/python3.9/site-packages/django/db/backends/utils.py", line 67, in execute
    return self._execute_with_wrappers(
  File "/Users/sw-team/Desktop/meeting-space-saas/env/lib/python3.9/site-packages/django/db/backends/utils.py", line 80, in _execute_with_wrappers
    return executor(sql, params, many, context)
  File "/Users/sw-team/Desktop/meeting-space-saas/env/lib/python3.9/site-packages/django/db/backends/utils.py", line 89, in _execute
    return self.cursor.execute(sql, params)
  File "/Users/sw-team/Desktop/meeting-space-saas/env/lib/python3.9/site-packages/django/db/utils.py", line 91, in __exit__
    raise dj_exc_value.with_traceback(traceback) from exc_value
  File "/Users/sw-team/Desktop/meeting-space-saas/env/lib/python3.9/site-packages/django/db/backends/utils.py", line 89, in _execute
    return self.cursor.execute(sql, params)
  File "/Users/sw-team/Desktop/meeting-space-saas/env/lib/python3.9/site-packages/django/db/backends/sqlite3/base.py", line 328, in execute
    return super().execute(query, params)
django.db.utils.IntegrityError: UNIQUE constraint failed: accounts_user_profile.user_id
ERROR 2025-11-17 08:49:38,145 basehttp 1262 123145356709888 "POST /accounts/register/ HTTP/1.1" 500 152415
INFO 2025-11-17 08:54:27,518 basehttp 1262 123145356709888 "GET /login/ HTTP/1.1" 200 3568
INFO 2025-11-17 08:54:29,983 basehttp 1262 123145356709888 "GET /accounts/register/ HTTP/1.1" 200 5668
INFO 2025-11-17 10:21:37,207 autoreload 1262 140704634279488 /Users/sw-team/Desktop/meeting-space-saas/apps/accounts/views.py changed, reloading.
INFO 2025-11-17 10:21:37,631 autoreload 1682 140704634279488 Watching for file changes with StatReloader
INFO 2025-11-17 10:23:50,536 autoreload 1682 140704634279488 /Users/sw-team/Desktop/meeting-space-saas/apps/accounts/models.py changed, reloading.
INFO 2025-11-17 10:23:50,995 autoreload 1706 140704634279488 Watching for file changes with StatReloader
INFO 2025-11-17 10:28:39,275 autoreload 1782 140704634279488 Watching for file changes with StatReloader
INFO 2025-11-17 10:28:41,070 basehttp 1782 123145354919936 "GET / HTTP/1.1" 302 0
INFO 2025-11-17 10:28:41,086 basehttp 1782 123145354919936 "GET /login/?next=/ HTTP/1.1" 200 3568
INFO 2025-11-17 10:28:45,135 basehttp 1782 123145354919936 "GET /accounts/register/ HTTP/1.1" 200 6743
INFO 2025-11-17 10:28:47,754 basehttp 1782 123145354919936 "POST /accounts/register/ HTTP/1.1" 200 7744
INFO 2025-11-17 10:33:46,143 basehttp 1782 123145354919936 "POST /accounts/register/ HTTP/1.1" 200 7305
INFO 2025-11-17 10:34:03,497 basehttp 1782 123145354919936 "POST /accounts/register/ HTTP/1.1" 302 0
INFO 2025-11-17 10:34:03,508 basehttp 1782 123145354919936 "GET / HTTP/1.1" 200 8588
INFO 2025-11-17 10:34:18,451 basehttp 1782 123145354919936 "GET / HTTP/1.1" 200 8588
INFO 2025-11-17 10:34:20,315 basehttp 1782 123145354919936 "GET / HTTP/1.1" 200 8588
INFO 2025-11-17 10:34:35,420 basehttp 1782 123145354919936 "GET / HTTP/1.1" 200 8588
INFO 2025-11-17 10:45:31,247 autoreload 1850 140704634279488 Watching for file changes with StatReloader
INFO 2025-11-17 10:45:33,559 basehttp 1850 123145366937600 "GET / HTTP/1.1" 200 8588
ERROR 2025-11-17 10:54:41,313 log 1850 123145366937600 Internal Server Error: /bookings/
Traceback (most recent call last):
  File "/Users/sw-team/Desktop/meeting-space-saas/env/lib/python3.9/site-packages/django/template/backends/django.py", line 61, in render
    return self.template.render(context)
  File "/Users/sw-team/Desktop/meeting-space-saas/env/lib/python3.9/site-packages/django/template/base.py", line 175, in render
    return self._render(context)
  File "/Users/sw-team/Desktop/meeting-space-saas/env/lib/python3.9/site-packages/django/template/base.py", line 167, in _render
    return self.nodelist.render(context)
  File "/Users/sw-team/Desktop/meeting-space-saas/env/lib/python3.9/site-packages/django/template/base.py", line 1005, in render
    return SafeString("".join([node.render_annotated(context) for node in self]))
  File "/Users/sw-team/Desktop/meeting-space-saas/env/lib/python3.9/site-packages/django/template/base.py", line 1005, in <listcomp>
    return SafeString("".join([node.render_annotated(context) for node in self]))
  File "/Users/sw-team/Desktop/meeting-space-saas/env/lib/python3.9/site-packages/django/template/base.py", line 966, in render_annotated
    return self.render(context)
  File "/Users/sw-team/Desktop/meeting-space-saas/env/lib/python3.9/site-packages/django/template/loader_tags.py", line 132, in render
    compiled_parent = self.get_parent(context)
  File "/Users/sw-team/Desktop/meeting-space-saas/env/lib/python3.9/site-packages/django/template/loader_tags.py", line 129, in get_parent
    return self.find_template(parent, context)
  File "/Users/sw-team/Desktop/meeting-space-saas/env/lib/python3.9/site-packages/django/template/loader_tags.py", line 107, in find_template
    template, origin = context.template.engine.find_template(
  File "/Users/sw-team/Desktop/meeting-space-saas/env/lib/python3.9/site-packages/django/template/engine.py", line 161, in find_template
    raise TemplateDoesNotExist(name, tried=tried)
django.template.exceptions.TemplateDoesNotExist: bookings/base_bookings.html

The above exception was the direct cause of the following exception:

Traceback (most recent call last):
  File "/Users/sw-team/Desktop/meeting-space-saas/env/lib/python3.9/site-packages/django/core/handlers/exception.py", line 55, in inner
    response = get_response(request)
  File "/Users/sw-team/Desktop/meeting-space-saas/env/lib/python3.9/site-packages/django/core/handlers/base.py", line 197, in _get_response
    response = wrapped_callback(request, *callback_args, **callback_kwargs)
  File "/Users/sw-team/Desktop/meeting-space-saas/env/lib/python3.9/site-packages/django/contrib/auth/decorators.py", line 23, in _wrapper_view
    return view_func(request, *args, **kwargs)
  File "/Users/sw-team/Desktop/meeting-space-saas/apps/bookings/views.py", line 754, in dashboard
    return render(request, 'bookings/dashboard.html', context)
  File "/Users/sw-team/Desktop/meeting-space-saas/env/lib/python3.9/site-packages/django/shortcuts.py", line 24, in render
    content = loader.render_to_string(template_name, context, request, using=using)
  File "/Users/sw-team/Desktop/meeting-space-saas/env/lib/python3.9/site-packages/django/template/loader.py", line 62, in render_to_string
    return template.render(context, request)
  File "/Users/sw-team/Desktop/meeting-space-saas/env/lib/python3.9/site-packages/django/template/backends/django.py", line 63, in render
    reraise(exc, self.backend)
  File "/Users/sw-team/Desktop/meeting-space-saas/env/lib/python3.9/site-packages/django/template/backends/django.py", line 84, in reraise
    raise new from exc
django.template.exceptions.TemplateDoesNotExist: bookings/base_bookings.html
ERROR 2025-11-17 10:54:41,325 basehttp 1850 123145366937600 "GET /bookings/ HTTP/1.1" 500 131462
WARNING 2025-11-17 10:54:52,010 log 1850 123145366937600 Not Found: /accounts/
WARNING 2025-11-17 10:54:52,011 basehttp 1850 123145366937600 "GET /accounts/ HTTP/1.1" 404 5598
INFO 2025-11-17 10:55:48,695 basehttp 1850 123145366937600 "GET / HTTP/1.1" 200 8588
INFO 2025-11-17 11:01:26,250 autoreload 1850 140704634279488 /Users/sw-team/Desktop/meeting-space-saas/apps/bookings/views.py changed, reloading.
INFO 2025-11-17 11:01:26,632 autoreload 1969 140704634279488 Watching for file changes with StatReloader
INFO 2025-11-17 11:02:30,654 basehttp 1969 123145358307328 "GET / HTTP/1.1" 200 8588
INFO 2025-11-17 11:02:52,269 basehttp 1969 123145358307328 "GET / HTTP/1.1" 200 8588
INFO 2025-11-17 11:02:53,915 basehttp 1969 123145358307328 "GET / HTTP/1.1" 200 8588
INFO 2025-11-17 11:20:59,671 autoreload 1969 140704634279488 /Users/sw-team/Desktop/meeting-space-saas/apps/bookings/views.py changed, reloading.
INFO 2025-11-17 11:21:00,131 autoreload 2061 140704634279488 Watching for file changes with StatReloader
ERROR 2025-11-17 11:42:39,121 log 2061 123145450704896 Internal Server Error: /
Traceback (most recent call last):
  File "/Users/sw-team/Desktop/meeting-space-saas/env/lib/python3.9/site-packages/django/template/base.py", line 505, in parse
    compile_func = self.tags[command]
KeyError: 'endif'

During handling of the above exception, another exception occurred:

Traceback (most recent call last):
  File "/Users/sw-team/Desktop/meeting-space-saas/env/lib/python3.9/site-packages/django/core/handlers/exception.py", line 55, in inner
    response = get_response(request)
  File "/Users/sw-team/Desktop/meeting-space-saas/env/lib/python3.9/site-packages/django/core/handlers/base.py", line 197, in _get_response
    response = wrapped_callback(request, *callback_args, **callback_kwargs)
  File "/Users/sw-team/Desktop/meeting-space-saas/env/lib/python3.9/site-packages/django/contrib/auth/decorators.py", line 23, in _wrapper_view
    return view_func(request, *args, **kwargs)
  File "/Users/sw-team/Desktop/meeting-space-saas/apps/accounts/views.py", line 47, in dashboard
    return render(request, 'accounts/dashboard.html')
  File "/Users/sw-team/Desktop/meeting-space-saas/env/lib/python3.9/site-packages/django/shortcuts.py", line 24, in render
    content = loader.render_to_string(template_name, context, request, using=using)
  File "/Users/sw-team/Desktop/meeting-space-saas/env/lib/python3.9/site-packages/django/template/loader.py", line 62, in render_to_string
    return template.render(context, request)
  File "/Users/sw-team/Desktop/meeting-space-saas/env/lib/python3.9/site-packages/django/template/backends/django.py", line 61, in render
    return self.template.render(context)
  File "/Users/sw-team/Desktop/meeting-space-saas/env/lib/python3.9/site-packages/django/template/base.py", line 175, in render
    return self._render(context)
  File "/Users/sw-team/Desktop/meeting-space-saas/env/lib/python3.9/site-packages/django/template/base.py", line 167, in _render
    return self.nodelist.render(context)
  File "/Users/sw-team/Desktop/meeting-space-saas/env/lib/python3.9/site-packages/django/template/base.py", line 1005, in render
    return SafeString("".join([node.render_annotated(context) for node in self]))
  File "/Users/sw-team/Desktop/meeting-space-saas/env/lib/python3.9/site-packages/django/template/base.py", line 1005, in <listcomp>
    return SafeString("".join([node.render_annotated(context) for node in self]))
  File "/Users/sw-team/Desktop/meeting-space-saas/env/lib/python3.9/site-packages/django/template/base.py", line 966, in render_annotated
    return self.render(context)
  File "/Users/sw-team/Desktop/meeting-space-saas/env/lib/python3.9/site-packages/django/template/loader_tags.py", line 132, in render
    compiled_parent = self.get_parent(context)
  File "/Users/sw-team/Desktop/meeting-space-saas/env/lib/python3.9/site-packages/django/template/loader_tags.py", line 129, in get_parent
    return self.find_template(parent, context)
  File "/Users/sw-team/Desktop/meeting-space-saas/env/lib/python3.9/site-packages/django/template/loader_tags.py", line 107, in find_template
    template, origin = context.template.engine.find_template(
  File "/Users/sw-team/Desktop/meeting-space-saas/env/lib/python3.9/site-packages/django/template/engine.py", line 157, in find_template
    template = loader.get_template(name, skip=skip)
  File "/Users/sw-team/Desktop/meeting-space-saas/env/lib/python3.9/site-packages/django/template/loaders/cached.py", line 57, in get_template
    template = super().get_template(template_name, skip)
  File "/Users/sw-team/Desktop/meeting-space-saas/env/lib/python3.9/site-packages/django/template/loaders/base.py", line 28, in get_template
    return Template(
  File "/Users/sw-team/Desktop/meeting-space-saas/env/lib/python3.9/site-packages/django/template/base.py", line 154, in __init__
    self.nodelist = self.compile_nodelist()
  File "/Users/sw-team/Desktop/meeting-space-saas/env/lib/python3.9/site-packages/django/template/base.py", line 200, in compile_nodelist
    return parser.parse()
  File "/Users/sw-team/Desktop/meeting-space-saas/env/lib/python3.9/site-packages/django/template/base.py", line 507, in parse
    self.invalid_block_tag(token, command, parse_until)
  File "/Users/sw-team/Desktop/meeting-space-saas/env/lib/python3.9/site-packages/django/template/base.py", line 568, in invalid_block_tag
    raise self.error(
django.template.exceptions.TemplateSyntaxError: Invalid block tag on line 140: 'endif'. Did you forget to register or load this tag?
ERROR 2025-11-17 11:42:39,136 basehttp 2061 123145450704896 "GET / HTTP/1.1" 500 178967
INFO 2025-11-17 11:43:14,118 basehttp 2061 123145450704896 "GET / HTTP/1.1" 200 8588
INFO 2025-11-17 11:44:06,986 basehttp 2061 123145450704896 "GET / HTTP/1.1" 200 9115
INFO 2025-11-17 11:44:21,394 autoreload 2157 140704634279488 Watching for file changes with StatReloader
INFO 2025-11-17 11:44:22,736 basehttp 2157 123145467121664 "GET / HTTP/1.1" 200 9115
ERROR 2025-11-17 11:44:27,761 log 2157 123145467121664 Internal Server Error: /bookings/reservations/create/
Traceback (most recent call last):
  File "/Users/sw-team/Desktop/meeting-space-saas/env/lib/python3.9/site-packages/django/template/backends/django.py", line 61, in render
    return self.template.render(context)
  File "/Users/sw-team/Desktop/meeting-space-saas/env/lib/python3.9/site-packages/django/template/base.py", line 175, in render
    return self._render(context)
  File "/Users/sw-team/Desktop/meeting-space-saas/env/lib/python3.9/site-packages/django/template/base.py", line 167, in _render
    return self.nodelist.render(context)
  File "/Users/sw-team/Desktop/meeting-space-saas/env/lib/python3.9/site-packages/django/template/base.py", line 1005, in render
    return SafeString("".join([node.render_annotated(context) for node in self]))
  File "/Users/sw-team/Desktop/meeting-space-saas/env/lib/python3.9/site-packages/django/template/base.py", line 1005, in <listcomp>
    return SafeString("".join([node.render_annotated(context) for node in self]))
  File "/Users/sw-team/Desktop/meeting-space-saas/env/lib/python3.9/site-packages/django/template/base.py", line 966, in render_annotated
    return self.render(context)
  File "/Users/sw-team/Desktop/meeting-space-saas/env/lib/python3.9/site-packages/django/template/loader_tags.py", line 132, in render
    compiled_parent = self.get_parent(context)
  File "/Users/sw-team/Desktop/meeting-space-saas/env/lib/python3.9/site-packages/django/template/loader_tags.py", line 129, in get_parent
    return self.find_template(parent, context)
  File "/Users/sw-team/Desktop/meeting-space-saas/env/lib/python3.9/site-packages/django/template/loader_tags.py", line 107, in find_template
    template, origin = context.template.engine.find_template(
  File "/Users/sw-team/Desktop/meeting-space-saas/env/lib/python3.9/site-packages/django/template/engine.py", line 161, in find_template
    raise TemplateDoesNotExist(name, tried=tried)
django.template.exceptions.TemplateDoesNotExist: bookings/base_bookings.html

The above exception was the direct cause of the following exception:

Traceback (most recent call last):
  File "/Users/sw-team/Desktop/meeting-space-saas/env/lib/python3.9/site-packages/django/core/handlers/exception.py", line 55, in inner
    response = get_response(request)
  File "/Users/sw-team/Desktop/meeting-space-saas/env/lib/python3.9/site-packages/django/core/handlers/base.py", line 220, in _get_response
    response = response.render()
  File "/Users/sw-team/Desktop/meeting-space-saas/env/lib/python3.9/site-packages/django/template/response.py", line 114, in render
    self.content = self.rendered_content
  File "/Users/sw-team/Desktop/meeting-space-saas/env/lib/python3.9/site-packages/django/template/response.py", line 92, in rendered_content
    return template.render(context, self._request)
  File "/Users/sw-team/Desktop/meeting-space-saas/env/lib/python3.9/site-packages/django/template/backends/django.py", line 63, in render
    reraise(exc, self.backend)
  File "/Users/sw-team/Desktop/meeting-space-saas/env/lib/python3.9/site-packages/django/template/backends/django.py", line 84, in reraise
    raise new from exc
django.template.exceptions.TemplateDoesNotExist: bookings/base_bookings.html
ERROR 2025-11-17 11:44:27,768 basehttp 2157 123145467121664 "GET /bookings/reservations/create/ HTTP/1.1" 500 124423
INFO 2025-11-17 11:48:22,721 basehttp 2157 123145467121664 "GET / HTTP/1.1" 200 8388
ERROR 2025-11-17 11:48:29,653 log 2157 123145467121664 Internal Server Error: /bookings/reservations/create/
Traceback (most recent call last):
  File "/Users/sw-team/Desktop/meeting-space-saas/env/lib/python3.9/site-packages/django/template/backends/django.py", line 61, in render
    return self.template.render(context)
  File "/Users/sw-team/Desktop/meeting-space-saas/env/lib/python3.9/site-packages/django/template/base.py", line 175, in render
    return self._render(context)
  File "/Users/sw-team/Desktop/meeting-space-saas/env/lib/python3.9/site-packages/django/template/base.py", line 167, in _render
    return self.nodelist.render(context)
  File "/Users/sw-team/Desktop/meeting-space-saas/env/lib/python3.9/site-packages/django/template/base.py", line 1005, in render
    return SafeString("".join([node.render_annotated(context) for node in self]))
  File "/Users/sw-team/Desktop/meeting-space-saas/env/lib/python3.9/site-packages/django/template/base.py", line 1005, in <listcomp>
    return SafeString("".join([node.render_annotated(context) for node in self]))
  File "/Users/sw-team/Desktop/meeting-space-saas/env/lib/python3.9/site-packages/django/template/base.py", line 966, in render_annotated
    return self.render(context)
  File "/Users/sw-team/Desktop/meeting-space-saas/env/lib/python3.9/site-packages/django/template/loader_tags.py", line 132, in render
    compiled_parent = self.get_parent(context)
  File "/Users/sw-team/Desktop/meeting-space-saas/env/lib/python3.9/site-packages/django/template/loader_tags.py", line 129, in get_parent
    return self.find_template(parent, context)
  File "/Users/sw-team/Desktop/meeting-space-saas/env/lib/python3.9/site-packages/django/template/loader_tags.py", line 107, in find_template
    template, origin = context.template.engine.find_template(
  File "/Users/sw-team/Desktop/meeting-space-saas/env/lib/python3.9/site-packages/django/template/engine.py", line 161, in find_template
    raise TemplateDoesNotExist(name, tried=tried)
django.template.exceptions.TemplateDoesNotExist: bookings/base_bookings.html

The above exception was the direct cause of the following exception:

Traceback (most recent call last):
  File "/Users/sw-team/Desktop/meeting-space-saas/env/lib/python3.9/site-packages/django/core/handlers/exception.py", line 55, in inner
    response = get_response(request)
  File "/Users/sw-team/Desktop/meeting-space-saas/env/lib/python3.9/site-packages/django/core/handlers/base.py", line 220, in _get_response
    response = response.render()
  File "/Users/sw-team/Desktop/meeting-space-saas/env/lib/python3.9/site-packages/django/template/response.py", line 114, in render
    self.content = self.rendered_content
  File "/Users/sw-team/Desktop/meeting-space-saas/env/lib/python3.9/site-packages/django/template/response.py", line 92, in rendered_content
    return template.render(context, self._request)
  File "/Users/sw-team/Desktop/meeting-space-saas/env/lib/python3.9/site-packages/django/template/backends/django.py", line 63, in render
    reraise(exc, self.backend)
  File "/Users/sw-team/Desktop/meeting-space-saas/env/lib/python3.9/site-packages/django/template/backends/django.py", line 84, in reraise
    raise new from exc
django.template.exceptions.TemplateDoesNotExist: bookings/base_bookings.html
ERROR 2025-11-17 11:48:29,656 basehttp 2157 123145467121664 "GET /bookings/reservations/create/ HTTP/1.1" 500 124423
INFO 2025-11-17 13:52:22,793 basehttp 2157 123145467121664 "GET / HTTP/1.1" 200 8388
INFO 2025-11-17 13:52:23,514 basehttp 2157 123145467121664 "GET / HTTP/1.1" 200 8388
INFO 2025-11-17 13:52:23,978 basehttp 2157 123145467121664 "GET / HTTP/1.1" 200 8388
INFO 2025-11-17 13:52:24,450 basehttp 2157 123145467121664 "GET / HTTP/1.1" 200 8388
INFO 2025-11-17 13:52:24,890 basehttp 2157 123145467121664 "GET / HTTP/1.1" 200 8388
ERROR 2025-11-17 13:52:27,188 log 2157 123145467121664 Internal Server Error: /bookings/reservations/create/
Traceback (most recent call last):
  File "/Users/sw-team/Desktop/meeting-space-saas/env/lib/python3.9/site-packages/django/template/backends/django.py", line 61, in render
    return self.template.render(context)
  File "/Users/sw-team/Desktop/meeting-space-saas/env/lib/python3.9/site-packages/django/template/base.py", line 175, in render
    return self._render(context)
  File "/Users/sw-team/Desktop/meeting-space-saas/env/lib/python3.9/site-packages/django/template/base.py", line 167, in _render
    return self.nodelist.render(context)
  File "/Users/sw-team/Desktop/meeting-space-saas/env/lib/python3.9/site-packages/django/template/base.py", line 1005, in render
    return SafeString("".join([node.render_annotated(context) for node in self]))
  File "/Users/sw-team/Desktop/meeting-space-saas/env/lib/python3.9/site-packages/django/template/base.py", line 1005, in <listcomp>
    return SafeString("".join([node.render_annotated(context) for node in self]))
  File "/Users/sw-team/Desktop/meeting-space-saas/env/lib/python3.9/site-packages/django/template/base.py", line 966, in render_annotated
    return self.render(context)
  File "/Users/sw-team/Desktop/meeting-space-saas/env/lib/python3.9/site-packages/django/template/loader_tags.py", line 132, in render
    compiled_parent = self.get_parent(context)
  File "/Users/sw-team/Desktop/meeting-space-saas/env/lib/python3.9/site-packages/django/template/loader_tags.py", line 129, in get_parent
    return self.find_template(parent, context)
  File "/Users/sw-team/Desktop/meeting-space-saas/env/lib/python3.9/site-packages/django/template/loader_tags.py", line 107, in find_template
    template, origin = context.template.engine.find_template(
  File "/Users/sw-team/Desktop/meeting-space-saas/env/lib/python3.9/site-packages/django/template/engine.py", line 161, in find_template
    raise TemplateDoesNotExist(name, tried=tried)
django.template.exceptions.TemplateDoesNotExist: bookings/base_bookings.html

The above exception was the direct cause of the following exception:

Traceback (most recent call last):
  File "/Users/sw-team/Desktop/meeting-space-saas/env/lib/python3.9/site-packages/django/core/handlers/exception.py", line 55, in inner
    response = get_response(request)
  File "/Users/sw-team/Desktop/meeting-space-saas/env/lib/python3.9/site-packages/django/core/handlers/base.py", line 220, in _get_response
    response = response.render()
  File "/Users/sw-team/Desktop/meeting-space-saas/env/lib/python3.9/site-packages/django/template/response.py", line 114, in render
    self.content = self.rendered_content
  File "/Users/sw-team/Desktop/meeting-space-saas/env/lib/python3.9/site-packages/django/template/response.py", line 92, in rendered_content
    return template.render(context, self._request)
  File "/Users/sw-team/Desktop/meeting-space-saas/env/lib/python3.9/site-packages/django/template/backends/django.py", line 63, in render
    reraise(exc, self.backend)
  File "/Users/sw-team/Desktop/meeting-space-saas/env/lib/python3.9/site-packages/django/template/backends/django.py", line 84, in reraise
    raise new from exc
django.template.exceptions.TemplateDoesNotExist: bookings/base_bookings.html
ERROR 2025-11-17 13:52:27,190 basehttp 2157 123145467121664 "GET /bookings/reservations/create/ HTTP/1.1" 500 124423
INFO 2025-11-17 13:54:33,069 autoreload 2436 140704634279488 Watching for file changes with StatReloader
INFO 2025-11-17 13:54:34,449 basehttp 2436 123145378709504 "GET / HTTP/1.1" 200 8389
ERROR 2025-11-17 13:55:09,416 log 2436 123145378709504 Internal Server Error: /bookings/reservations/create/
Traceback (most recent call last):
  File "/Users/sw-team/Desktop/meeting-space-saas/env/lib/python3.9/site-packages/django/template/backends/django.py", line 61, in render
    return self.template.render(context)
  File "/Users/sw-team/Desktop/meeting-space-saas/env/lib/python3.9/site-packages/django/template/base.py", line 175, in render
    return self._render(context)
  File "/Users/sw-team/Desktop/meeting-space-saas/env/lib/python3.9/site-packages/django/template/base.py", line 167, in _render
    return self.nodelist.render(context)
  File "/Users/sw-team/Desktop/meeting-space-saas/env/lib/python3.9/site-packages/django/template/base.py", line 1005, in render
    return SafeString("".join([node.render_annotated(context) for node in self]))
  File "/Users/sw-team/Desktop/meeting-space-saas/env/lib/python3.9/site-packages/django/template/base.py", line 1005, in <listcomp>
    return SafeString("".join([node.render_annotated(context) for node in self]))
  File "/Users/sw-team/Desktop/meeting-space-saas/env/lib/python3.9/site-packages/django/template/base.py", line 966, in render_annotated
    return self.render(context)
  File "/Users/sw-team/Desktop/meeting-space-saas/env/lib/python3.9/site-packages/django/template/loader_tags.py", line 132, in render
    compiled_parent = self.get_parent(context)
  File "/Users/sw-team/Desktop/meeting-space-saas/env/lib/python3.9/site-packages/django/template/loader_tags.py", line 129, in get_parent
    return self.find_template(parent, context)
  File "/Users/sw-team/Desktop/meeting-space-saas/env/lib/python3.9/site-packages/django/template/loader_tags.py", line 107, in find_template
    template, origin = context.template.engine.find_template(
  File "/Users/sw-team/Desktop/meeting-space-saas/env/lib/python3.9/site-packages/django/template/engine.py", line 161, in find_template
    raise TemplateDoesNotExist(name, tried=tried)
django.template.exceptions.TemplateDoesNotExist: bookings/base_bookings.html

The above exception was the direct cause of the following exception:

Traceback (most recent call last):
  File "/Users/sw-team/Desktop/meeting-space-saas/env/lib/python3.9/site-packages/django/core/handlers/exception.py", line 55, in inner
    response = get_response(request)
  File "/Users/sw-team/Desktop/meeting-space-saas/env/lib/python3.9/site-packages/django/core/handlers/base.py", line 220, in _get_response
    response = response.render()
  File "/Users/sw-team/Desktop/meeting-space-saas/env/lib/python3.9/site-packages/django/template/response.py", line 114, in render
    self.content = self.rendered_content
  File "/Users/sw-team/Desktop/meeting-space-saas/env/lib/python3.9/site-packages/django/template/response.py", line 92, in rendered_content
    return template.render(context, self._request)
  File "/Users/sw-team/Desktop/meeting-space-saas/env/lib/python3.9/site-packages/django/template/backends/django.py", line 63, in render
    reraise(exc, self.backend)
  File "/Users/sw-team/Desktop/meeting-space-saas/env/lib/python3.9/site-packages/django/template/backends/django.py", line 84, in reraise
    raise new from exc
django.template.exceptions.TemplateDoesNotExist: bookings/base_bookings.html
ERROR 2025-11-17 13:55:09,423 basehttp 2436 123145378709504 "GET /bookings/reservations/create/ HTTP/1.1" 500 124423
INFO 2025-11-17 13:55:46,219 basehttp 2436 123145378709504 "GET / HTTP/1.1" 200 8389
INFO 2025-11-17 13:55:46,675 basehttp 2436 123145378709504 "GET /bookings/reservations/create/ HTTP/1.1" 200 12621
INFO 2025-11-17 13:59:20,890 basehttp 2436 123145378709504 "GET /bookings/meeting-rooms/ HTTP/1.1" 200 7540
INFO 2025-11-17 13:59:27,168 basehttp 2436 123145378709504 "GET /bookings/reservations/create/ HTTP/1.1" 200 12621
INFO 2025-11-17 13:59:28,455 basehttp 2436 123145378709504 "GET /bookings/meeting-rooms/ HTTP/1.1" 200 7540
INFO 2025-11-17 13:59:28,889 basehttp 2436 123145378709504 "GET /bookings/reservations/ HTTP/1.1" 200 10929
INFO 2025-11-17 13:59:30,663 basehttp 2436 123145378709504 "GET /bookings/meeting-rooms/ HTTP/1.1" 200 7540
INFO 2025-11-17 14:01:05,391 basehttp 2436 123145378709504 "GET /bookings/meeting-rooms/ HTTP/1.1" 200 7540
INFO 2025-11-17 14:01:06,390 basehttp 2436 123145378709504 "GET /bookings/meeting-rooms/ HTTP/1.1" 200 7540
INFO 2025-11-17 14:01:06,844 basehttp 2436 123145378709504 "GET /bookings/reservations/ HTTP/1.1" 200 10929
INFO 2025-11-17 14:01:07,321 basehttp 2436 123145378709504 "GET /bookings/reservations/create/ HTTP/1.1" 200 12621
INFO 2025-11-17 14:01:07,730 basehttp 2436 123145378709504 "GET / HTTP/1.1" 200 8389
INFO 2025-11-17 14:01:08,630 basehttp 2436 123145378709504 "GET /bookings/meeting-rooms/ HTTP/1.1" 200 7540
INFO 2025-11-17 14:01:18,046 basehttp 2436 123145378709504 "GET /bookings/meeting-rooms/ HTTP/1.1" 200 7540
INFO 2025-11-17 14:01:29,853 basehttp 2436 123145378709504 "GET /bookings/reservations/ HTTP/1.1" 200 10929
INFO 2025-11-17 14:01:30,495 basehttp 2436 123145378709504 "GET /bookings/meeting-rooms/ HTTP/1.1" 200 7540
INFO 2025-11-17 14:01:31,272 basehttp 2436 123145378709504 "GET /bookings/reservations/create/ HTTP/1.1" 200 12621
INFO 2025-11-17 14:01:31,759 basehttp 2436 123145378709504 "GET /bookings/meeting-rooms/ HTTP/1.1" 200 7540
INFO 2025-11-17 14:01:32,619 basehttp 2436 123145378709504 "GET / HTTP/1.1" 200 8389
INFO 2025-11-17 14:01:33,086 basehttp 2436 123145378709504 "GET /bookings/meeting-rooms/ HTTP/1.1" 200 7540
INFO 2025-11-17 14:01:34,126 basehttp 2436 123145378709504 "GET /bookings/reservations/ HTTP/1.1" 200 10929
INFO 2025-11-17 14:01:37,865 basehttp 2436 123145378709504 "GET /bookings/reservations/create/ HTTP/1.1" 200 12621
INFO 2025-11-17 14:01:39,126 basehttp 2436 123145378709504 "GET /bookings/reservations/ HTTP/1.1" 200 10929
INFO 2025-11-17 14:01:44,196 basehttp 2436 123145378709504 "GET /bookings/reservations/ HTTP/1.1" 200 10929
INFO 2025-11-17 14:01:45,647 basehttp 2436 123145378709504 "GET /bookings/quick-reservation/ HTTP/1.1" 200 8465
INFO 2025-11-17 14:01:49,364 basehttp 2436 123145378709504 "GET /bookings/reservations/ HTTP/1.1" 200 10929
INFO 2025-11-17 14:01:49,953 basehttp 2436 123145378709504 "GET /bookings/reservations/create/ HTTP/1.1" 200 12621
INFO 2025-11-17 14:01:52,044 basehttp 2436 123145378709504 "GET /bookings/reservations/ HTTP/1.1" 200 10929
INFO 2025-11-17 14:01:53,648 basehttp 2436 123145378709504 "GET /bookings/reservations/create/ HTTP/1.1" 200 12621
INFO 2025-11-17 14:01:54,013 basehttp 2436 123145378709504 "GET /bookings/reservations/ HTTP/1.1" 200 10929
INFO 2025-11-17 14:01:55,704 basehttp 2436 123145378709504 "GET /bookings/reservations/create/ HTTP/1.1" 200 12621
INFO 2025-11-17 14:01:56,108 basehttp 2436 123145378709504 "GET /bookings/reservations/ HTTP/1.1" 200 10929
INFO 2025-11-17 14:01:56,471 basehttp 2436 123145378709504 "GET /bookings/meeting-rooms/ HTTP/1.1" 200 7540
INFO 2025-11-17 14:01:57,041 basehttp 2436 123145378709504 "GET /bookings/reservations/create/ HTTP/1.1" 200 12621
INFO 2025-11-17 14:01:58,630 basehttp 2436 123145378709504 "GET /bookings/meeting-rooms/ HTTP/1.1" 200 7540
INFO 2025-11-17 14:03:26,362 basehttp 2436 123145378709504 "GET /admin/ HTTP/1.1" 302 0
INFO 2025-11-17 14:03:26,385 basehttp 2436 123145378709504 "GET /admin/login/?next=/admin/ HTTP/1.1" 200 3690
INFO 2025-11-17 14:03:26,401 basehttp 2436 123145378709504 "GET /static/admin/css/base.css HTTP/1.1" 304 0
INFO 2025-11-17 14:03:26,402 basehttp 2436 123145395499008 "GET /static/admin/css/dark_mode.css HTTP/1.1" 304 0
INFO 2025-11-17 14:03:26,403 basehttp 2436 123145412288512 "GET /static/admin/css/login.css HTTP/1.1" 304 0
INFO 2025-11-17 14:03:26,405 basehttp 2436 123145429078016 "GET /static/admin/css/nav_sidebar.css HTTP/1.1" 304 0
INFO 2025-11-17 14:03:26,406 basehttp 2436 123145445867520 "GET /static/admin/css/responsive.css HTTP/1.1" 304 0
INFO 2025-11-17 14:03:26,407 basehttp 2436 123145462657024 "GET /static/admin/js/theme.js HTTP/1.1" 304 0
INFO 2025-11-17 14:03:26,408 basehttp 2436 123145395499008 "GET /static/admin/js/nav_sidebar.js HTTP/1.1" 304 0
INFO 2025-11-17 14:04:38,826 basehttp 2436 123145395499008 "POST /admin/login/?next=/admin/ HTTP/1.1" 200 3822
INFO 2025-11-17 14:05:07,733 basehttp 2436 123145395499008 "POST /admin/login/?next=/admin/ HTTP/1.1" 200 3822
INFO 2025-11-17 14:33:27,060 autoreload 2689 140704634279488 Watching for file changes with StatReloader
INFO 2025-11-17 14:33:29,586 basehttp 2689 123145397932032 "GET / HTTP/1.1" 200 8389
INFO 2025-11-17 14:33:34,679 basehttp 2689 123145397932032 "GET /admin/ HTTP/1.1" 302 0
INFO 2025-11-17 14:33:34,706 basehttp 2689 123145397932032 "GET /admin/login/?next=/admin/ HTTP/1.1" 200 3690
INFO 2025-11-17 14:33:41,932 basehttp 2689 123145397932032 "POST /admin/login/?next=/admin/ HTTP/1.1" 302 0
INFO 2025-11-17 14:33:41,954 basehttp 2689 123145397932032 "GET /admin/ HTTP/1.1" 200 9658
INFO 2025-11-17 14:33:41,965 basehttp 2689 123145397932032 "GET /static/admin/css/dashboard.css HTTP/1.1" 304 0
INFO 2025-11-17 14:33:41,970 basehttp 2689 123145397932032 "GET /static/admin/img/icon-changelink.svg HTTP/1.1" 304 0
INFO 2025-11-17 14:33:41,970 basehttp 2689 123145414721536 "GET /static/admin/img/icon-addlink.svg HTTP/1.1" 304 0
INFO 2025-11-17 14:34:02,660 basehttp 2689 123145414721536 "GET /admin/accounts/userprofile/ HTTP/1.1" 200 11983
INFO 2025-11-17 14:34:02,675 basehttp 2689 123145431511040 "GET /static/admin/js/vendor/jquery/jquery.js HTTP/1.1" 304 0
INFO 2025-11-17 14:34:02,677 basehttp 2689 123145414721536 "GET /static/admin/css/changelists.css HTTP/1.1" 304 0
INFO 2025-11-17 14:34:02,677 basehttp 2689 123145448300544 "GET /static/admin/js/jquery.init.js HTTP/1.1" 304 0
INFO 2025-11-17 14:34:02,677 basehttp 2689 123145465090048 "GET /static/admin/js/core.js HTTP/1.1" 304 0
INFO 2025-11-17 14:34:02,678 basehttp 2689 123145481879552 "GET /static/admin/js/admin/RelatedObjectLookups.js HTTP/1.1" 304 0
INFO 2025-11-17 14:34:02,692 basehttp 2689 123145431511040 "GET /static/admin/js/urlify.js HTTP/1.1" 304 0
INFO 2025-11-17 14:34:02,693 basehttp 2689 123145397932032 "GET /admin/jsi18n/ HTTP/1.1" 200 8560
INFO 2025-11-17 14:34:02,694 basehttp 2689 123145414721536 "GET /static/admin/js/actions.js HTTP/1.1" 304 0
INFO 2025-11-17 14:34:02,694 basehttp 2689 123145448300544 "GET /static/admin/js/prepopulate.js HTTP/1.1" 304 0
INFO 2025-11-17 14:34:02,695 basehttp 2689 123145465090048 "GET /static/admin/js/vendor/xregexp/xregexp.js HTTP/1.1" 304 0
INFO 2025-11-17 14:34:02,703 basehttp 2689 123145465090048 "GET /static/admin/js/filters.js HTTP/1.1" 304 0
INFO 2025-11-17 14:34:02,712 basehttp 2689 123145465090048 "GET /static/admin/img/tooltag-add.svg HTTP/1.1" 304 0
INFO 2025-11-17 14:35:05,133 basehttp 2689 123145397932032 "GET /admin/bookings/meetingroom/ HTTP/1.1" 200 10108
INFO 2025-11-17 14:35:05,159 basehttp 2689 123145397932032 "GET /admin/jsi18n/ HTTP/1.1" 200 8560
INFO 2025-11-17 14:35:08,411 basehttp 2689 123145397932032 "GET /admin/bookings/reservation/ HTTP/1.1" 200 10093
INFO 2025-11-17 14:35:08,423 basehttp 2689 123145397932032 "GET /admin/jsi18n/ HTTP/1.1" 200 8560
INFO 2025-11-17 14:35:09,480 basehttp 2689 123145397932032 "GET /admin/bookings/reservationconfig/ HTTP/1.1" 200 10135
INFO 2025-11-17 14:35:09,495 basehttp 2689 123145397932032 "GET /admin/jsi18n/ HTTP/1.1" 200 8560
INFO 2025-11-17 14:35:10,897 basehttp 2689 123145397932032 "GET /admin/common/auditlog/ HTTP/1.1" 200 10109
INFO 2025-11-17 14:35:10,909 basehttp 2689 123145397932032 "GET /admin/jsi18n/ HTTP/1.1" 200 8560
INFO 2025-11-17 14:35:11,431 basehttp 2689 123145397932032 "GET /admin/common/systemnotification/ HTTP/1.1" 200 10129
INFO 2025-11-17 14:35:11,442 basehttp 2689 123145397932032 "GET /admin/jsi18n/ HTTP/1.1" 200 8560
INFO 2025-11-17 14:35:12,699 basehttp 2689 123145397932032 "GET /admin/companies/company/ HTTP/1.1" 200 11249
INFO 2025-11-17 14:35:12,712 basehttp 2689 123145397932032 "GET /admin/jsi18n/ HTTP/1.1" 200 8560
INFO 2025-11-17 14:35:14,945 basehttp 2689 123145397932032 "GET /admin/companies/company/1/change/ HTTP/1.1" 200 13378
INFO 2025-11-17 14:35:14,982 basehttp 2689 123145397932032 "GET /admin/jsi18n/ HTTP/1.1" 200 8560
INFO 2025-11-17 14:35:14,983 basehttp 2689 123145431511040 "GET /static/admin/img/icon-viewlink.svg HTTP/1.1" 200 581
INFO 2025-11-17 14:35:14,983 basehttp 2689 123145448300544 "GET /static/admin/js/prepopulate_init.js HTTP/1.1" 200 586
INFO 2025-11-17 14:35:14,983 basehttp 2689 123145414721536 "GET /static/admin/css/forms.css HTTP/1.1" 200 9090
INFO 2025-11-17 14:35:14,986 basehttp 2689 123145414721536 "GET /static/admin/js/change_form.js HTTP/1.1" 200 606
INFO 2025-11-17 14:35:14,987 basehttp 2689 123145448300544 "GET /static/admin/css/widgets.css HTTP/1.1" 200 11921
INFO 2025-11-17 14:37:26,402 basehttp 2689 123145448300544 "GET /admin/auth/user/ HTTP/1.1" 200 15193
INFO 2025-11-17 14:37:26,413 basehttp 2689 123145414721536 "GET /static/admin/img/search.svg HTTP/1.1" 304 0
INFO 2025-11-17 14:37:26,413 basehttp 2689 123145431511040 "GET /static/admin/img/icon-yes.svg HTTP/1.1" 304 0
INFO 2025-11-17 14:37:26,417 basehttp 2689 123145431511040 "GET /static/admin/img/icon-no.svg HTTP/1.1" 200 560
INFO 2025-11-17 14:37:26,418 basehttp 2689 123145448300544 "GET /admin/jsi18n/ HTTP/1.1" 200 8560
INFO 2025-11-17 14:37:26,428 basehttp 2689 123145448300544 "GET /static/admin/img/sorting-icons.svg HTTP/1.1" 304 0
INFO 2025-11-17 14:37:41,481 basehttp 2689 123145448300544 "GET /admin/auth/group/ HTTP/1.1" 200 10372
INFO 2025-11-17 14:37:41,493 basehttp 2689 123145448300544 "GET /admin/jsi18n/ HTTP/1.1" 200 8560
INFO 2025-11-17 14:37:42,500 basehttp 2689 123145448300544 "GET /admin/auth/user/ HTTP/1.1" 200 15193
INFO 2025-11-17 14:37:42,514 basehttp 2689 123145448300544 "GET /admin/jsi18n/ HTTP/1.1" 200 8560
INFO 2025-11-17 14:37:48,623 basehttp 2689 123145448300544 "GET /admin/auth/user/?o=5.1 HTTP/1.1" 200 15848
INFO 2025-11-17 14:37:48,635 basehttp 2689 123145448300544 "GET /admin/jsi18n/ HTTP/1.1" 200 8560
INFO 2025-11-17 14:37:49,695 basehttp 2689 123145448300544 "GET /admin/auth/user/?o=-5.1 HTTP/1.1" 200 15870
INFO 2025-11-17 14:37:49,709 basehttp 2689 123145448300544 "GET /admin/jsi18n/ HTTP/1.1" 200 8560
INFO 2025-11-17 14:37:51,205 basehttp 2689 123145448300544 "GET /admin/auth/user/?o=5.1 HTTP/1.1" 200 15848
INFO 2025-11-17 14:37:51,220 basehttp 2689 123145448300544 "GET /admin/jsi18n/ HTTP/1.1" 200 8560
INFO 2025-11-17 14:37:52,734 basehttp 2689 123145448300544 "GET /admin/auth/user/?o=1 HTTP/1.1" 200 15452
INFO 2025-11-17 14:37:52,748 basehttp 2689 123145448300544 "GET /admin/jsi18n/ HTTP/1.1" 200 8560
INFO 2025-11-17 14:38:00,968 basehttp 2689 123145448300544 "GET /admin/companies/company/ HTTP/1.1" 200 11249
INFO 2025-11-17 14:38:00,981 basehttp 2689 123145448300544 "GET /admin/jsi18n/ HTTP/1.1" 200 8560
INFO 2025-11-17 14:38:03,131 basehttp 2689 123145448300544 "GET /admin/companies/company/add/ HTTP/1.1" 200 13145
INFO 2025-11-17 14:38:03,147 basehttp 2689 123145448300544 "GET /admin/jsi18n/ HTTP/1.1" 200 8560
INFO 2025-11-17 14:38:06,456 basehttp 2689 123145448300544 "GET /admin/companies/company/ HTTP/1.1" 200 11249
INFO 2025-11-17 14:38:07,415 basehttp 2689 123145448300544 "GET /admin/bookings/meetingroom/ HTTP/1.1" 200 10108
INFO 2025-11-17 14:38:07,428 basehttp 2689 123145448300544 "GET /admin/jsi18n/ HTTP/1.1" 200 8560
INFO 2025-11-17 14:38:13,139 basehttp 2689 123145448300544 "GET /admin/bookings/meetingroom/add/ HTTP/1.1" 200 15325
INFO 2025-11-17 14:38:13,152 basehttp 2689 123145448300544 "GET /admin/jsi18n/ HTTP/1.1" 200 8560
INFO 2025-11-17 14:38:18,329 basehttp 2689 123145448300544 "GET /admin/companies/company/ HTTP/1.1" 200 11249
INFO 2025-11-17 14:38:18,342 basehttp 2689 123145448300544 "GET /admin/jsi18n/ HTTP/1.1" 200 8560
INFO 2025-11-17 14:38:21,105 basehttp 2689 123145448300544 "POST /admin/companies/company/ HTTP/1.1" 302 0
INFO 2025-11-17 14:38:21,124 basehttp 2689 123145448300544 "GET /admin/companies/company/ HTTP/1.1" 200 11370
INFO 2025-11-17 14:38:21,137 basehttp 2689 123145448300544 "GET /admin/jsi18n/ HTTP/1.1" 200 8560
INFO 2025-11-17 14:38:21,147 basehttp 2689 123145448300544 "GET /static/admin/img/icon-alert.svg HTTP/1.1" 200 504
INFO 2025-11-17 14:38:24,500 basehttp 2689 123145448300544 "POST /admin/companies/company/ HTTP/1.1" 200 10567
INFO 2025-11-17 14:38:24,507 basehttp 2689 123145448300544 "GET /static/admin/js/cancel.js HTTP/1.1" 200 884
INFO 2025-11-17 14:38:30,827 basehttp 2689 123145448300544 "POST /admin/companies/company/ HTTP/1.1" 302 0
INFO 2025-11-17 14:38:30,842 basehttp 2689 123145448300544 "GET /admin/companies/company/ HTTP/1.1" 200 10223
INFO 2025-11-17 14:38:30,858 basehttp 2689 123145448300544 "GET /admin/jsi18n/ HTTP/1.1" 200 8560
INFO 2025-11-17 14:38:33,461 basehttp 2689 123145448300544 "GET /admin/auth/user/ HTTP/1.1" 200 15193
INFO 2025-11-17 14:38:33,476 basehttp 2689 123145448300544 "GET /admin/jsi18n/ HTTP/1.1" 200 8560
INFO 2025-11-17 14:38:37,197 basehttp 2689 123145448300544 "GET /admin/auth/user/ HTTP/1.1" 200 15193
INFO 2025-11-17 14:38:37,209 basehttp 2689 123145448300544 "GET /admin/jsi18n/ HTTP/1.1" 200 8560
INFO 2025-11-17 14:38:43,666 basehttp 2689 123145448300544 "POST /admin/auth/user/ HTTP/1.1" 200 10496
INFO 2025-11-17 14:38:44,768 basehttp 2689 123145448300544 "POST /admin/auth/user/ HTTP/1.1" 302 0
INFO 2025-11-17 14:38:44,788 basehttp 2689 123145448300544 "GET /admin/auth/user/ HTTP/1.1" 200 13765
INFO 2025-11-17 14:38:44,800 basehttp 2689 123145448300544 "GET /admin/jsi18n/ HTTP/1.1" 200 8560
INFO 2025-11-17 14:38:48,240 basehttp 2689 123145448300544 "GET /admin/bookings/meetingroom/ HTTP/1.1" 200 10108
INFO 2025-11-17 14:38:48,254 basehttp 2689 123145448300544 "GET /admin/jsi18n/ HTTP/1.1" 200 8560
INFO 2025-11-17 14:38:48,855 basehttp 2689 123145448300544 "GET /admin/accounts/userprofile/ HTTP/1.1" 200 10123
INFO 2025-11-17 14:38:48,868 basehttp 2689 123145448300544 "GET /admin/jsi18n/ HTTP/1.1" 200 8560
INFO 2025-11-17 14:38:50,975 basehttp 2689 123145448300544 "GET /admin/accounts/userprofile/ HTTP/1.1" 200 10123
INFO 2025-11-17 14:38:50,991 basehttp 2689 123145448300544 "GET /admin/jsi18n/ HTTP/1.1" 200 8560
INFO 2025-11-17 14:38:54,831 basehttp 2689 123145448300544 "GET /admin/bookings/meetingroom/ HTTP/1.1" 200 10108
INFO 2025-11-17 14:38:54,844 basehttp 2689 123145448300544 "GET /admin/jsi18n/ HTTP/1.1" 200 8560
INFO 2025-11-17 14:38:55,632 basehttp 2689 123145448300544 "GET /admin/bookings/reservation/ HTTP/1.1" 200 10093
INFO 2025-11-17 14:38:55,644 basehttp 2689 123145448300544 "GET /admin/jsi18n/ HTTP/1.1" 200 8560
INFO 2025-11-17 14:38:56,376 basehttp 2689 123145448300544 "GET /admin/bookings/reservationconfig/ HTTP/1.1" 200 10135
INFO 2025-11-17 14:38:56,392 basehttp 2689 123145448300544 "GET /admin/jsi18n/ HTTP/1.1" 200 8560
INFO 2025-11-17 14:38:57,095 basehttp 2689 123145448300544 "GET /admin/common/auditlog/ HTTP/1.1" 200 10109
INFO 2025-11-17 14:38:57,108 basehttp 2689 123145448300544 "GET /admin/jsi18n/ HTTP/1.1" 200 8560
INFO 2025-11-17 14:38:57,679 basehttp 2689 123145448300544 "GET /admin/common/systemnotification/ HTTP/1.1" 200 10129
INFO 2025-11-17 14:38:57,695 basehttp 2689 123145448300544 "GET /admin/jsi18n/ HTTP/1.1" 200 8560
INFO 2025-11-17 14:38:58,447 basehttp 2689 123145448300544 "GET /admin/companies/company/ HTTP/1.1" 200 10089
INFO 2025-11-17 14:38:58,460 basehttp 2689 123145448300544 "GET /admin/jsi18n/ HTTP/1.1" 200 8560
INFO 2025-11-17 14:39:00,675 basehttp 2689 123145448300544 "GET /admin/auth/user/ HTTP/1.1" 200 13631
INFO 2025-11-17 14:39:00,690 basehttp 2689 123145448300544 "GET /admin/jsi18n/ HTTP/1.1" 200 8560
INFO 2025-11-17 14:39:01,744 basehttp 2689 123145448300544 "GET /admin/companies/company/ HTTP/1.1" 200 10089
INFO 2025-11-17 14:39:01,760 basehttp 2689 123145448300544 "GET /admin/jsi18n/ HTTP/1.1" 200 8560
INFO 2025-11-17 14:39:02,729 basehttp 2689 123145448300544 "GET /admin/companies/company/add/ HTTP/1.1" 200 12999
INFO 2025-11-17 14:39:02,744 basehttp 2689 123145448300544 "GET /admin/jsi18n/ HTTP/1.1" 200 8560
INFO 2025-11-17 14:39:34,194 basehttp 2689 123145448300544 "GET /admin/auth/user/add/?_to_field=id&_popup=1 HTTP/1.1" 200 6696
INFO 2025-11-17 14:39:34,207 basehttp 2689 123145448300544 "GET /admin/jsi18n/ HTTP/1.1" 200 8560
INFO 2025-11-17 14:39:42,404 basehttp 2689 123145448300544 "GET /admin/auth/user/add/?_to_field=id&_popup=1 HTTP/1.1" 200 6696
INFO 2025-11-17 14:39:42,415 basehttp 2689 123145448300544 "GET /admin/jsi18n/ HTTP/1.1" 200 8560
INFO 2025-11-17 14:39:59,557 basehttp 2689 123145448300544 "GET /admin/auth/user/add/?_to_field=id&_popup=1 HTTP/1.1" 200 6696
INFO 2025-11-17 14:39:59,570 basehttp 2689 123145448300544 "GET /admin/jsi18n/ HTTP/1.1" 200 8560
INFO 2025-11-17 14:40:04,882 basehttp 2689 123145448300544 "POST /admin/companies/company/add/ HTTP/1.1" 200 13154
INFO 2025-11-17 14:40:04,896 basehttp 2689 123145448300544 "GET /admin/jsi18n/ HTTP/1.1" 200 8560
INFO 2025-11-17 14:40:09,661 basehttp 2689 123145448300544 "GET /admin/auth/user/add/?_to_field=id&_popup=1 HTTP/1.1" 200 6696
INFO 2025-11-17 14:40:09,671 basehttp 2689 123145448300544 "GET /admin/jsi18n/ HTTP/1.1" 200 8560
INFO 2025-11-17 14:40:16,531 basehttp 2689 123145448300544 "POST /admin/companies/company/add/ HTTP/1.1" 302 0
INFO 2025-11-17 14:40:16,546 basehttp 2689 123145448300544 "GET /admin/companies/company/ HTTP/1.1" 200 11437
INFO 2025-11-17 14:40:16,563 basehttp 2689 123145448300544 "GET /admin/jsi18n/ HTTP/1.1" 200 8560
INFO 2025-11-17 14:40:19,591 basehttp 2689 123145448300544 "GET /admin/bookings/meetingroom/ HTTP/1.1" 200 10108
INFO 2025-11-17 14:40:19,607 basehttp 2689 123145448300544 "GET /admin/jsi18n/ HTTP/1.1" 200 8560
INFO 2025-11-17 14:40:21,002 basehttp 2689 123145448300544 "GET /admin/bookings/meetingroom/add/ HTTP/1.1" 200 15321
INFO 2025-11-17 14:40:21,015 basehttp 2689 123145448300544 "GET /admin/jsi18n/ HTTP/1.1" 200 8560
INFO 2025-11-17 14:40:54,861 basehttp 2689 123145448300544 "POST /admin/bookings/meetingroom/add/ HTTP/1.1" 302 0
INFO 2025-11-17 14:40:54,877 basehttp 2689 123145448300544 "GET /admin/bookings/meetingroom/ HTTP/1.1" 200 11481
INFO 2025-11-17 14:40:54,892 basehttp 2689 123145448300544 "GET /admin/jsi18n/ HTTP/1.1" 200 8560
INFO 2025-11-17 14:40:56,876 basehttp 2689 123145448300544 "GET /admin/bookings/meetingroom/add/ HTTP/1.1" 200 15321
INFO 2025-11-17 14:40:56,893 basehttp 2689 123145448300544 "GET /admin/jsi18n/ HTTP/1.1" 200 8560
INFO 2025-11-17 14:41:16,100 basehttp 2689 123145448300544 "POST /admin/bookings/meetingroom/add/ HTTP/1.1" 302 0
INFO 2025-11-17 14:41:16,117 basehttp 2689 123145448300544 "GET /admin/bookings/meetingroom/ HTTP/1.1" 200 11699
INFO 2025-11-17 14:41:16,132 basehttp 2689 123145448300544 "GET /admin/jsi18n/ HTTP/1.1" 200 8560
INFO 2025-11-17 14:41:22,356 basehttp 2689 123145448300544 "GET / HTTP/1.1" 200 8646
WARNING 2025-11-17 14:41:24,291 log 2689 123145448300544 Not Found: /bookings/reservations/create/
WARNING 2025-11-17 14:41:24,291 basehttp 2689 123145448300544 "GET /bookings/reservations/create/ HTTP/1.1" 404 4233
WARNING 2025-11-17 14:41:27,085 log 2689 123145448300544 Not Found: /bookings/meeting-rooms/
WARNING 2025-11-17 14:41:27,085 basehttp 2689 123145448300544 "GET /bookings/meeting-rooms/ HTTP/1.1" 404 2925
WARNING 2025-11-17 14:41:32,308 log 2689 123145448300544 Not Found: /bookings/reservations/create/
WARNING 2025-11-17 14:41:32,308 basehttp 2689 123145448300544 "GET /bookings/reservations/create/ HTTP/1.1" 404 4233
INFO 2025-11-17 14:41:59,847 autoreload 2750 140704634279488 Watching for file changes with StatReloader
INFO 2025-11-17 14:42:00,828 basehttp 2750 123145418432512 "GET / HTTP/1.1" 200 8646
WARNING 2025-11-17 14:42:02,386 log 2750 123145418432512 Not Found: /bookings/reservations/create/
WARNING 2025-11-17 14:42:02,386 basehttp 2750 123145418432512 "GET /bookings/reservations/create/ HTTP/1.1" 404 4233
INFO 2025-11-17 14:42:06,211 basehttp 2750 123145418432512 "POST /logout/ HTTP/1.1" 302 0
INFO 2025-11-17 14:42:06,214 basehttp 2750 123145418432512 "GET /login/ HTTP/1.1" 200 3569
INFO 2025-11-17 14:42:08,948 basehttp 2750 123145418432512 "GET /accounts/register/ HTTP/1.1" 200 6744
INFO 2025-11-17 14:42:37,430 basehttp 2750 123145418432512 "POST /accounts/register/ HTTP/1.1" 302 0
INFO 2025-11-17 14:42:37,438 basehttp 2750 123145418432512 "GET / HTTP/1.1" 200 8389
INFO 2025-11-17 14:42:41,410 basehttp 2750 123145418432512 "GET /bookings/reservations/create/ HTTP/1.1" 200 12597
INFO 2025-11-17 14:42:43,195 basehttp 2750 123145418432512 "GET /bookings/reservations/ HTTP/1.1" 200 11013
INFO 2025-11-17 14:42:44,836 basehttp 2750 123145418432512 "GET /bookings/meeting-rooms/ HTTP/1.1" 200 9984
INFO 2025-11-17 14:42:48,584 basehttp 2750 123145418432512 "GET /bookings/reservations/create/ HTTP/1.1" 200 12597
INFO 2025-11-17 14:44:15,030 basehttp 2750 123145418432512 "GET /bookings/reservations/ HTTP/1.1" 200 11013
INFO 2025-11-17 14:44:17,105 basehttp 2750 123145418432512 "GET /bookings/reservations/create/ HTTP/1.1" 200 12597
INFO 2025-11-17 14:44:17,723 basehttp 2750 123145418432512 "GET / HTTP/1.1" 200 8389
INFO 2025-11-17 14:44:19,885 basehttp 2750 123145418432512 "GET /bookings/meeting-rooms/ HTTP/1.1" 200 9984
INFO 2025-11-17 14:44:27,033 basehttp 2750 123145418432512 "GET /bookings/reservations/create/ HTTP/1.1" 200 12597
INFO 2025-11-17 14:44:27,373 basehttp 2750 123145418432512 "GET /bookings/reservations/ HTTP/1.1" 200 11013
INFO 2025-11-17 14:44:28,063 basehttp 2750 123145418432512 "GET /bookings/meeting-rooms/ HTTP/1.1" 200 9984
INFO 2025-11-17 14:44:28,944 basehttp 2750 123145418432512 "GET /bookings/reservations/create/?meeting_room=1 HTTP/1.1" 200 12597
INFO 2025-11-17 14:44:31,727 basehttp 2750 123145418432512 "GET /bookings/meeting-rooms/ HTTP/1.1" 200 9984
INFO 2025-11-17 14:44:33,321 basehttp 2750 123145418432512 "GET /bookings/reservations/create/ HTTP/1.1" 200 12597
INFO 2025-11-17 14:44:49,385 basehttp 2750 123145418432512 "GET /bookings/meeting-rooms/ HTTP/1.1" 200 9984
INFO 2025-11-17 14:49:32,872 basehttp 2750 123145418432512 "POST /logout/ HTTP/1.1" 302 0
INFO 2025-11-17 14:49:32,875 basehttp 2750 123145418432512 "GET /login/ HTTP/1.1" 200 3569
INFO 2025-11-17 14:49:39,284 basehttp 2750 123145418432512 "POST /login/ HTTP/1.1" 302 0
INFO 2025-11-17 14:49:39,291 basehttp 2750 123145418432512 "GET / HTTP/1.1" 200 8646
WARNING 2025-11-17 14:49:44,365 log 2750 123145418432512 Not Found: /accounts/profile/
WARNING 2025-11-17 14:49:44,365 basehttp 2750 123145418432512 "GET /accounts/profile/ HTTP/1.1" 404 2962
INFO 2025-11-17 14:49:53,977 basehttp 2750 123145418432512 "POST /logout/ HTTP/1.1" 302 0
INFO 2025-11-17 14:49:53,980 basehttp 2750 123145418432512 "GET /login/ HTTP/1.1" 200 3569
INFO 2025-11-17 14:50:02,075 basehttp 2750 123145418432512 "GET /admin/ HTTP/1.1" 302 0
INFO 2025-11-17 14:50:02,089 basehttp 2750 123145418432512 "GET /admin/login/?next=/admin/ HTTP/1.1" 200 4195
INFO 2025-11-17 14:50:07,846 basehttp 2750 123145418432512 "POST /admin/login/?next=/admin/ HTTP/1.1" 302 0
INFO 2025-11-17 14:50:07,867 basehttp 2750 123145418432512 "GET /admin/ HTTP/1.1" 200 11791
INFO 2025-11-17 14:50:07,884 basehttp 2750 123145418432512 "GET /static/admin/img/icon-deletelink.svg HTTP/1.1" 200 392
INFO 2025-11-17 14:50:15,194 basehttp 2750 123145418432512 "GET /admin/companies/company/ HTTP/1.1" 200 11245
INFO 2025-11-17 14:50:15,227 basehttp 2750 123145418432512 "GET /admin/jsi18n/ HTTP/1.1" 200 8560
INFO 2025-11-17 14:50:16,579 basehttp 2750 123145418432512 "GET /admin/companies/company/add/ HTTP/1.1" 200 13037
INFO 2025-11-17 14:50:16,595 basehttp 2750 123145418432512 "GET /admin/jsi18n/ HTTP/1.1" 200 8560
INFO 2025-11-17 14:50:35,072 basehttp 2750 123145418432512 "GET /admin/auth/user/add/?_to_field=id&_popup=1 HTTP/1.1" 200 6696
INFO 2025-11-17 14:50:35,084 basehttp 2750 123145418432512 "GET /admin/jsi18n/ HTTP/1.1" 200 8560
INFO 2025-11-17 14:50:59,303 basehttp 2750 123145418432512 "POST /admin/auth/user/add/?_to_field=id&_popup=1 HTTP/1.1" 200 329
INFO 2025-11-17 14:50:59,310 basehttp 2750 123145418432512 "GET /static/admin/js/popup_response.js HTTP/1.1" 200 551
INFO 2025-11-17 14:53:32,739 basehttp 2750 123145418432512 "POST /admin/companies/company/add/ HTTP/1.1" 302 0
INFO 2025-11-17 14:53:32,754 basehttp 2750 123145418432512 "GET /admin/companies/company/ HTTP/1.1" 200 11643
INFO 2025-11-17 14:53:32,769 basehttp 2750 123145418432512 "GET /admin/jsi18n/ HTTP/1.1" 200 8560
INFO 2025-11-17 14:53:35,691 basehttp 2750 123145418432512 "GET /admin/bookings/meetingroom/ HTTP/1.1" 200 11496
INFO 2025-11-17 14:53:35,704 basehttp 2750 123145418432512 "GET /admin/jsi18n/ HTTP/1.1" 200 8560
INFO 2025-11-17 14:53:39,579 basehttp 2750 123145418432512 "GET /admin/bookings/meetingroom/add/ HTTP/1.1" 200 15356
INFO 2025-11-17 14:53:39,592 basehttp 2750 123145418432512 "GET /admin/jsi18n/ HTTP/1.1" 200 8560
INFO 2025-11-17 14:54:07,964 basehttp 2750 123145418432512 "POST /admin/bookings/meetingroom/add/ HTTP/1.1" 302 0
INFO 2025-11-17 14:54:07,981 basehttp 2750 123145418432512 "GET /admin/bookings/meetingroom/ HTTP/1.1" 200 11913
INFO 2025-11-17 14:54:07,998 basehttp 2750 123145418432512 "GET /admin/jsi18n/ HTTP/1.1" 200 8560
INFO 2025-11-17 14:54:12,004 basehttp 2750 123145418432512 "GET /admin/bookings/meetingroom/add/ HTTP/1.1" 200 15356
INFO 2025-11-17 14:54:12,020 basehttp 2750 123145418432512 "GET /admin/jsi18n/ HTTP/1.1" 200 8560
INFO 2025-11-17 14:54:29,220 basehttp 2750 123145418432512 "POST /admin/bookings/meetingroom/add/ HTTP/1.1" 302 0
INFO 2025-11-17 14:54:29,239 basehttp 2750 123145418432512 "GET /admin/bookings/meetingroom/ HTTP/1.1" 200 12129
INFO 2025-11-17 14:54:29,253 basehttp 2750 123145418432512 "GET /admin/jsi18n/ HTTP/1.1" 200 8560
INFO 2025-11-17 14:55:08,293 basehttp 2750 123145418432512 "GET / HTTP/1.1" 200 8646
WARNING 2025-11-17 14:55:12,508 log 2750 123145418432512 Not Found: /bookings/meeting-rooms/
WARNING 2025-11-17 14:55:12,508 basehttp 2750 123145418432512 "GET /bookings/meeting-rooms/ HTTP/1.1" 404 2925
WARNING 2025-11-17 14:55:18,692 log 2750 123145418432512 Not Found: /bookings/meeting-rooms/
WARNING 2025-11-17 14:55:18,693 basehttp 2750 123145418432512 "GET /bookings/meeting-rooms/ HTTP/1.1" 404 2925
INFO 2025-11-17 14:55:24,889 basehttp 2750 123145418432512 "POST /logout/ HTTP/1.1" 302 0
INFO 2025-11-17 14:55:24,892 basehttp 2750 123145418432512 "GET /login/ HTTP/1.1" 200 3569
INFO 2025-11-17 14:55:30,237 basehttp 2750 123145418432512 "POST /login/ HTTP/1.1" 302 0
INFO 2025-11-17 14:55:30,244 basehttp 2750 123145418432512 "GET / HTTP/1.1" 200 8389
WARNING 2025-11-17 14:55:31,419 log 2750 123145418432512 Not Found: /bookings/meeting-rooms/
WARNING 2025-11-17 14:55:31,420 basehttp 2750 123145418432512 "GET /bookings/meeting-rooms/ HTTP/1.1" 404 2925
INFO 2025-11-17 14:55:37,147 autoreload 2823 140704634279488 Watching for file changes with StatReloader
INFO 2025-11-17 14:55:38,347 basehttp 2823 123145482039296 "GET / HTTP/1.1" 200 8389
WARNING 2025-11-17 14:55:41,090 log 2823 123145482039296 Not Found: /bookings/reservations/
WARNING 2025-11-17 14:55:41,090 basehttp 2823 123145482039296 "GET /bookings/reservations/ HTTP/1.1" 404 4007
WARNING 2025-11-17 14:55:43,268 log 2823 123145482039296 Not Found: /bookings/meeting-rooms/
WARNING 2025-11-17 14:55:43,268 basehttp 2823 123145482039296 "GET /bookings/meeting-rooms/ HTTP/1.1" 404 2925
WARNING 2025-11-17 14:55:48,948 log 2823 123145482039296 Not Found: /bookings/reservations/create/
WARNING 2025-11-17 14:55:48,948 basehttp 2823 123145482039296 "GET /bookings/reservations/create/ HTTP/1.1" 404 4233
WARNING 2025-11-17 14:57:36,139 log 2823 123145482039296 Not Found: /bookings/reservations/create/
WARNING 2025-11-17 14:57:36,140 basehttp 2823 123145482039296 "GET /bookings/reservations/create/ HTTP/1.1" 404 4233
INFO 2025-11-17 14:57:51,713 basehttp 2823 123145482039296 "POST /logout/ HTTP/1.1" 302 0
INFO 2025-11-17 14:57:51,717 basehttp 2823 123145482039296 "GET /login/ HTTP/1.1" 200 3569
INFO 2025-11-17 14:57:56,904 basehttp 2823 123145482039296 "POST /login/ HTTP/1.1" 302 0
INFO 2025-11-17 14:57:56,913 basehttp 2823 123145482039296 "GET / HTTP/1.1" 200 8389
INFO 2025-11-17 14:57:58,326 basehttp 2823 123145482039296 "GET /bookings/reservations/ HTTP/1.1" 200 11013
INFO 2025-11-17 14:57:59,339 basehttp 2823 123145482039296 "GET /bookings/meeting-rooms/ HTTP/1.1" 200 9984
INFO 2025-11-17 14:58:12,930 basehttp 2823 123145482039296 "POST /logout/ HTTP/1.1" 302 0
INFO 2025-11-17 14:58:12,933 basehttp 2823 123145482039296 "GET /login/ HTTP/1.1" 200 3569
INFO 2025-11-17 14:58:25,778 basehttp 2823 123145482039296 "POST /login/ HTTP/1.1" 200 3702
INFO 2025-11-17 14:58:28,290 basehttp 2823 123145482039296 "GET /accounts/register/ HTTP/1.1" 200 6744
INFO 2025-11-17 14:58:43,655 basehttp 2823 123145482039296 "POST /accounts/register/ HTTP/1.1" 302 0
INFO 2025-11-17 14:58:43,664 basehttp 2823 123145482039296 "GET / HTTP/1.1" 200 8389
INFO 2025-11-17 14:58:44,902 basehttp 2823 123145482039296 "GET /bookings/reservations/ HTTP/1.1" 200 11009
INFO 2025-11-17 14:58:45,497 basehttp 2823 123145482039296 "GET /bookings/meeting-rooms/ HTTP/1.1" 200 9984
INFO 2025-11-17 14:58:53,181 basehttp 2823 123145482039296 "GET /bookings/reservations/create/ HTTP/1.1" 200 12593
INFO 2025-11-17 14:58:54,080 basehttp 2823 123145482039296 "GET /bookings/meeting-rooms/ HTTP/1.1" 200 9984
INFO 2025-11-17 14:58:55,864 basehttp 2823 123145482039296 "GET /bookings/reservations/create/ HTTP/1.1" 200 12593
INFO 2025-11-17 14:58:57,937 basehttp 2823 123145482039296 "GET /bookings/meeting-rooms/ HTTP/1.1" 200 9984
INFO 2025-11-17 14:59:12,072 basehttp 2823 123145482039296 "GET /admin/ HTTP/1.1" 302 0
INFO 2025-11-17 14:59:12,094 basehttp 2823 123145482039296 "GET /admin/login/?next=/admin/ HTTP/1.1" 200 3690
INFO 2025-11-17 14:59:20,587 basehttp 2823 123145482039296 "POST /admin/login/?next=/admin/ HTTP/1.1" 302 0
INFO 2025-11-17 14:59:20,609 basehttp 2823 123145482039296 "GET /admin/ HTTP/1.1" 200 12469
INFO 2025-11-17 14:59:23,097 basehttp 2823 123145482039296 "GET /admin/auth/user/7/change/ HTTP/1.1" 200 24940
INFO 2025-11-17 14:59:23,132 basehttp 2823 123145498828800 "GET /static/admin/js/SelectBox.js HTTP/1.1" 200 4530
INFO 2025-11-17 14:59:23,132 basehttp 2823 123145515618304 "GET /static/admin/js/SelectFilter2.js HTTP/1.1" 200 15292
INFO 2025-11-17 14:59:23,146 basehttp 2823 123145482039296 "GET /admin/jsi18n/ HTTP/1.1" 200 8560
INFO 2025-11-17 14:59:23,147 basehttp 2823 123145532407808 "GET /static/admin/js/calendar.js HTTP/1.1" 200 8466
INFO 2025-11-17 14:59:23,148 basehttp 2823 123145549197312 "GET /static/admin/js/admin/DateTimeShortcuts.js HTTP/1.1" 200 19319
INFO 2025-11-17 14:59:23,209 basehttp 2823 123145549197312 "GET /static/admin/img/icon-unknown.svg HTTP/1.1" 200 655
INFO 2025-11-17 14:59:23,210 basehttp 2823 123145498828800 "GET /static/admin/img/icon-calendar.svg HTTP/1.1" 200 1086
INFO 2025-11-17 14:59:23,210 basehttp 2823 123145482039296 "GET /static/admin/img/icon-unknown-alt.svg HTTP/1.1" 200 655
INFO 2025-11-17 14:59:23,210 basehttp 2823 123145532407808 "GET /static/admin/img/selector-icons.svg HTTP/1.1" 200 3291
INFO 2025-11-17 14:59:23,211 basehttp 2823 123145515618304 "GET /static/admin/img/icon-clock.svg HTTP/1.1" 200 677
INFO 2025-11-17 14:59:38,361 basehttp 2823 123145515618304 "GET /admin/ HTTP/1.1" 200 12469
INFO 2025-11-17 14:59:44,223 basehttp 2823 123145515618304 "GET /admin/auth/user/ HTTP/1.1" 200 14816
INFO 2025-11-17 14:59:44,238 basehttp 2823 123145515618304 "GET /admin/jsi18n/ HTTP/1.1" 200 8560
INFO 2025-11-17 14:59:50,595 basehttp 2823 123145515618304 "GET /admin/auth/user/8/change/ HTTP/1.1" 200 24964
INFO 2025-11-17 14:59:50,609 basehttp 2823 123145515618304 "GET /admin/jsi18n/ HTTP/1.1" 200 8560
INFO 2025-11-17 15:00:12,620 basehttp 2823 123145515618304 "GET /admin/auth/user/ HTTP/1.1" 200 14816
INFO 2025-11-17 15:00:12,635 basehttp 2823 123145515618304 "GET /admin/jsi18n/ HTTP/1.1" 200 8560
INFO 2025-11-17 15:00:17,692 basehttp 2823 123145515618304 "GET /admin/bookings/meetingroom/ HTTP/1.1" 200 11928
INFO 2025-11-17 15:00:17,707 basehttp 2823 123145515618304 "GET /admin/jsi18n/ HTTP/1.1" 200 8560
INFO 2025-11-17 15:00:21,045 basehttp 2823 123145515618304 "GET /admin/bookings/meetingroom/4/change/ HTTP/1.1" 200 15607
INFO 2025-11-17 15:00:21,058 basehttp 2823 123145515618304 "GET /admin/jsi18n/ HTTP/1.1" 200 8560
INFO 2025-11-17 15:00:23,619 basehttp 2823 123145515618304 "GET /admin/bookings/meetingroom/ HTTP/1.1" 200 11928
WARNING 2025-11-17 15:01:40,552 log 2823 123145515618304 Forbidden (CSRF token from POST incorrect.): /logout/
WARNING 2025-11-17 15:01:40,554 basehttp 2823 123145515618304 "POST /logout/ HTTP/1.1" 403 2513
WARNING 2025-11-17 15:01:48,278 log 2823 123145515618304 Forbidden (CSRF token from POST incorrect.): /logout/
WARNING 2025-11-17 15:01:48,280 basehttp 2823 123145515618304 "POST /logout/ HTTP/1.1" 403 2513
WARNING 2025-11-17 15:01:56,352 log 2823 123145515618304 Forbidden (CSRF token from POST incorrect.): /logout/
WARNING 2025-11-17 15:01:56,354 basehttp 2823 123145515618304 "POST /logout/ HTTP/1.1" 403 2513
WARNING 2025-11-17 15:02:00,530 log 2823 123145515618304 Not Found: /bookings/meeting-rooms/
WARNING 2025-11-17 15:02:00,530 basehttp 2823 123145515618304 "GET /bookings/meeting-rooms/ HTTP/1.1" 404 2925
INFO 2025-11-17 15:02:03,492 basehttp 2823 123145515618304 "GET / HTTP/1.1" 200 8646
INFO 2025-11-17 15:02:06,200 basehttp 2823 123145515618304 "POST /logout/ HTTP/1.1" 302 0
INFO 2025-11-17 15:02:06,204 basehttp 2823 123145515618304 "GET /login/ HTTP/1.1" 200 3569
INFO 2025-11-17 15:02:09,366 basehttp 2823 123145515618304 "GET /accounts/register/ HTTP/1.1" 200 6744
INFO 2025-11-17 15:02:30,075 basehttp 2823 123145515618304 "POST /accounts/register/ HTTP/1.1" 200 7055
INFO 2025-11-17 15:02:42,051 basehttp 2823 123145515618304 "POST /accounts/register/ HTTP/1.1" 302 0
INFO 2025-11-17 15:02:42,059 basehttp 2823 123145515618304 "GET / HTTP/1.1" 200 9260
ERROR 2025-11-17 15:02:46,077 log 2823 123145515618304 Internal Server Error: /accounts/user-stats/
Traceback (most recent call last):
  File "/Users/sw-team/Desktop/meeting-space-saas/env/lib/python3.9/site-packages/django/core/handlers/exception.py", line 55, in inner
    response = get_response(request)
  File "/Users/sw-team/Desktop/meeting-space-saas/env/lib/python3.9/site-packages/django/core/handlers/base.py", line 197, in _get_response
    response = wrapped_callback(request, *callback_args, **callback_kwargs)
  File "/Users/sw-team/Desktop/meeting-space-saas/env/lib/python3.9/site-packages/django/contrib/auth/decorators.py", line 23, in _wrapper_view
    return view_func(request, *args, **kwargs)
  File "/Users/sw-team/Desktop/meeting-space-saas/apps/accounts/views.py", line 298, in user_stats
    count=models.Count('id')
AttributeError: module 'apps.accounts.models' has no attribute 'Count'
ERROR 2025-11-17 15:02:46,080 basehttp 2823 123145515618304 "GET /accounts/user-stats/ HTTP/1.1" 500 68155
INFO 2025-11-17 15:02:48,640 basehttp 2823 123145515618304 "GET /accounts/company-users/ HTTP/1.1" 200 8300
INFO 2025-11-17 15:02:56,341 basehttp 2823 123145515618304 "GET /bookings/meeting-rooms/ HTTP/1.1" 200 8741
INFO 2025-11-17 15:03:14,044 basehttp 2823 123145515618304 "GET /bookings/reservations/ HTTP/1.1" 200 12933
ERROR 2025-11-17 15:03:16,702 log 2823 123145515618304 Internal Server Error: /accounts/user-stats/
Traceback (most recent call last):
  File "/Users/sw-team/Desktop/meeting-space-saas/env/lib/python3.9/site-packages/django/core/handlers/exception.py", line 55, in inner
    response = get_response(request)
  File "/Users/sw-team/Desktop/meeting-space-saas/env/lib/python3.9/site-packages/django/core/handlers/base.py", line 197, in _get_response
    response = wrapped_callback(request, *callback_args, **callback_kwargs)
  File "/Users/sw-team/Desktop/meeting-space-saas/env/lib/python3.9/site-packages/django/contrib/auth/decorators.py", line 23, in _wrapper_view
    return view_func(request, *args, **kwargs)
  File "/Users/sw-team/Desktop/meeting-space-saas/apps/accounts/views.py", line 298, in user_stats
    count=models.Count('id')
AttributeError: module 'apps.accounts.models' has no attribute 'Count'
ERROR 2025-11-17 15:03:16,703 basehttp 2823 123145515618304 "GET /accounts/user-stats/ HTTP/1.1" 500 68177
INFO 2025-11-17 15:03:18,661 basehttp 2823 123145515618304 "GET /accounts/company-users/ HTTP/1.1" 200 8300
INFO 2025-11-17 15:03:52,193 basehttp 2823 123145515618304 "POST /logout/ HTTP/1.1" 302 0
INFO 2025-11-17 15:03:52,196 basehttp 2823 123145515618304 "GET /login/ HTTP/1.1" 200 3569
INFO 2025-11-17 15:03:56,231 basehttp 2823 123145515618304 "GET /accounts/register/ HTTP/1.1" 200 6744
INFO 2025-11-17 15:04:32,771 basehttp 2823 123145515618304 "POST /accounts/register/ HTTP/1.1" 302 0
INFO 2025-11-17 15:04:32,782 basehttp 2823 123145515618304 "GET / HTTP/1.1" 200 8389
INFO 2025-11-17 15:04:34,829 basehttp 2823 123145515618304 "GET /bookings/reservations/ HTTP/1.1" 200 10929
INFO 2025-11-17 15:04:35,980 basehttp 2823 123145515618304 "GET /bookings/reservations/ HTTP/1.1" 200 10929
INFO 2025-11-17 15:04:36,264 basehttp 2823 123145515618304 "GET /bookings/reservations/create/ HTTP/1.1" 200 12551
INFO 2025-11-17 15:04:37,183 basehttp 2823 123145515618304 "GET /bookings/meeting-rooms/ HTTP/1.1" 200 7540
INFO 2025-11-17 15:05:00,654 basehttp 2823 123145515618304 "GET /admin/ HTTP/1.1" 302 0
INFO 2025-11-17 15:05:00,668 basehttp 2823 123145515618304 "GET /admin/login/?next=/admin/ HTTP/1.1" 200 3690
INFO 2025-11-17 15:05:09,160 basehttp 2823 123145515618304 "POST /admin/login/?next=/admin/ HTTP/1.1" 302 0
INFO 2025-11-17 15:05:09,176 basehttp 2823 123145515618304 "GET /admin/ HTTP/1.1" 200 12469
INFO 2025-11-17 15:05:15,724 basehttp 2823 123145515618304 "GET /admin/auth/user/ HTTP/1.1" 200 15618
INFO 2025-11-17 15:05:15,755 basehttp 2823 123145515618304 "GET /admin/jsi18n/ HTTP/1.1" 200 8560
INFO 2025-11-17 15:05:22,331 basehttp 2823 123145515618304 "GET /admin/companies/company/ HTTP/1.1" 200 11663
INFO 2025-11-17 15:05:22,343 basehttp 2823 123145515618304 "GET /admin/jsi18n/ HTTP/1.1" 200 8560
INFO 2025-11-17 15:05:24,365 basehttp 2823 123145515618304 "GET /admin/companies/company/2/change/ HTTP/1.1" 200 13407
INFO 2025-11-17 15:05:24,377 basehttp 2823 123145515618304 "GET /admin/jsi18n/ HTTP/1.1" 200 8560
INFO 2025-11-17 15:05:29,546 basehttp 2823 123145515618304 "GET /admin/companies/company/ HTTP/1.1" 200 11663
INFO 2025-11-17 15:05:30,283 basehttp 2823 123145515618304 "GET /admin/companies/company/4/change/ HTTP/1.1" 200 13407
INFO 2025-11-17 15:05:30,295 basehttp 2823 123145515618304 "GET /admin/jsi18n/ HTTP/1.1" 200 8560
INFO 2025-11-17 15:05:40,420 basehttp 2823 123145515618304 "GET /admin/bookings/meetingroom/ HTTP/1.1" 200 11928
INFO 2025-11-17 15:05:40,436 basehttp 2823 123145515618304 "GET /admin/jsi18n/ HTTP/1.1" 200 8560
WARNING 2025-11-17 15:05:49,796 log 2823 123145515618304 Not Found: /bookings/reservations/
WARNING 2025-11-17 15:05:49,796 basehttp 2823 123145515618304 "GET /bookings/reservations/ HTTP/1.1" 404 4007
WARNING 2025-11-17 15:05:57,083 log 2823 123145515618304 Not Found: /bookings/meeting-rooms/
WARNING 2025-11-17 15:05:57,083 basehttp 2823 123145515618304 "GET /bookings/meeting-rooms/ HTTP/1.1" 404 2925
INFO 2025-11-17 15:06:01,507 basehttp 2823 123145515618304 "GET / HTTP/1.1" 200 8646
WARNING 2025-11-17 15:06:04,708 log 2823 123145515618304 Not Found: /bookings/reservations/
WARNING 2025-11-17 15:06:04,709 basehttp 2823 123145515618304 "GET /bookings/reservations/ HTTP/1.1" 404 4007
WARNING 2025-11-17 15:06:07,996 log 2823 123145515618304 Not Found: /bookings/reservations/create/
WARNING 2025-11-17 15:06:07,997 basehttp 2823 123145515618304 "GET /bookings/reservations/create/ HTTP/1.1" 404 4233
INFO 2025-11-17 15:06:10,577 basehttp 2823 123145515618304 "POST /logout/ HTTP/1.1" 302 0
INFO 2025-11-17 15:06:10,580 basehttp 2823 123145515618304 "GET /login/ HTTP/1.1" 200 3569
INFO 2025-11-17 15:06:21,096 basehttp 2823 123145515618304 "POST /login/ HTTP/1.1" 302 0
INFO 2025-11-17 15:06:21,105 basehttp 2823 123145515618304 "GET / HTTP/1.1" 200 8389
INFO 2025-11-17 15:06:22,230 basehttp 2823 123145515618304 "GET /bookings/reservations/ HTTP/1.1" 200 11013
INFO 2025-11-17 15:06:22,864 basehttp 2823 123145515618304 "GET /bookings/meeting-rooms/ HTTP/1.1" 200 9984
INFO 2025-11-17 15:06:27,194 basehttp 2823 123145515618304 "GET /bookings/reservations/create/ HTTP/1.1" 200 12597
INFO 2025-11-17 15:06:28,190 basehttp 2823 123145515618304 "GET /bookings/reservations/ HTTP/1.1" 200 11013
INFO 2025-11-17 15:06:28,889 basehttp 2823 123145515618304 "GET /bookings/meeting-rooms/ HTTP/1.1" 200 9984
INFO 2025-11-17 15:28:20,369 basehttp 2823 123145482039296 "POST /logout/ HTTP/1.1" 302 0
INFO 2025-11-17 15:28:20,372 basehttp 2823 123145482039296 "GET /login/ HTTP/1.1" 200 3569
INFO 2025-11-17 15:28:28,891 basehttp 2823 123145482039296 "POST /login/ HTTP/1.1" 302 0
INFO 2025-11-17 15:28:28,901 basehttp 2823 123145482039296 "GET / HTTP/1.1" 200 8389
INFO 2025-11-17 15:28:30,164 basehttp 2823 123145482039296 "GET /bookings/reservations/ HTTP/1.1" 200 10929
INFO 2025-11-17 15:28:30,568 basehttp 2823 123145482039296 "GET /bookings/reservations/create/ HTTP/1.1" 200 12551
INFO 2025-11-17 15:28:31,287 basehttp 2823 123145482039296 "GET /bookings/meeting-rooms/ HTTP/1.1" 200 7540
INFO 2025-11-17 15:28:45,480 basehttp 2823 123145482039296 "GET /bookings/reservations/create/ HTTP/1.1" 200 12551
INFO 2025-11-17 15:28:46,661 basehttp 2823 123145482039296 "GET /bookings/reservations/ HTTP/1.1" 200 10929
INFO 2025-11-17 15:28:47,255 basehttp 2823 123145482039296 "GET /bookings/meeting-rooms/ HTTP/1.1" 200 7540
INFO 2025-11-17 15:28:48,014 basehttp 2823 123145482039296 "GET /bookings/reservations/ HTTP/1.1" 200 10929
INFO 2025-11-17 15:28:48,520 basehttp 2823 123145482039296 "GET /bookings/reservations/create/ HTTP/1.1" 200 12551
INFO 2025-11-17 15:29:13,954 basehttp 2823 123145482039296 "POST /logout/ HTTP/1.1" 302 0
INFO 2025-11-17 15:29:13,957 basehttp 2823 123145482039296 "GET /login/ HTTP/1.1" 200 3569
INFO 2025-11-17 15:29:20,165 basehttp 2823 123145482039296 "POST /login/ HTTP/1.1" 302 0
INFO 2025-11-17 15:29:20,173 basehttp 2823 123145482039296 "GET / HTTP/1.1" 200 8389
WARNING 2025-11-17 15:29:21,364 log 2823 123145482039296 Not Found: /bookings/meeting-rooms/
WARNING 2025-11-17 15:29:21,364 basehttp 2823 123145482039296 "GET /bookings/meeting-rooms/ HTTP/1.1" 404 2925
INFO 2025-11-17 16:58:18,391 autoreload 3380 140704634279488 Watching for file changes with StatReloader
INFO 2025-11-17 16:58:19,599 basehttp 3380 123145389088768 "GET / HTTP/1.1" 302 0
INFO 2025-11-17 16:58:19,609 basehttp 3380 123145389088768 "GET / HTTP/1.1" 302 0
INFO 2025-11-17 16:58:19,617 basehttp 3380 123145389088768 "GET / HTTP/1.1" 302 0
INFO 2025-11-17 16:58:19,625 basehttp 3380 123145389088768 "GET / HTTP/1.1" 302 0
INFO 2025-11-17 16:58:19,633 basehttp 3380 123145389088768 "GET / HTTP/1.1" 302 0
INFO 2025-11-17 16:58:19,641 basehttp 3380 123145389088768 "GET / HTTP/1.1" 302 0
INFO 2025-11-17 16:58:19,650 basehttp 3380 123145389088768 "GET / HTTP/1.1" 302 0
INFO 2025-11-17 16:58:19,657 basehttp 3380 123145389088768 "GET / HTTP/1.1" 302 0
INFO 2025-11-17 16:58:19,666 basehttp 3380 123145389088768 "GET / HTTP/1.1" 302 0
INFO 2025-11-17 16:58:19,673 basehttp 3380 123145389088768 "GET / HTTP/1.1" 302 0
INFO 2025-11-17 16:58:19,680 basehttp 3380 123145389088768 "GET / HTTP/1.1" 302 0
INFO 2025-11-17 16:58:19,688 basehttp 3380 123145389088768 "GET / HTTP/1.1" 302 0
INFO 2025-11-17 16:58:19,695 basehttp 3380 123145389088768 "GET / HTTP/1.1" 302 0
INFO 2025-11-17 16:58:19,702 basehttp 3380 123145389088768 "GET / HTTP/1.1" 302 0
INFO 2025-11-17 16:58:19,708 basehttp 3380 123145389088768 "GET / HTTP/1.1" 302 0
INFO 2025-11-17 16:58:19,718 basehttp 3380 123145389088768 "GET / HTTP/1.1" 302 0
INFO 2025-11-17 16:58:19,724 basehttp 3380 123145389088768 "GET / HTTP/1.1" 302 0
INFO 2025-11-17 16:58:19,733 basehttp 3380 123145389088768 "GET / HTTP/1.1" 302 0
INFO 2025-11-17 16:58:19,740 basehttp 3380 123145389088768 "GET / HTTP/1.1" 302 0
INFO 2025-11-17 16:58:19,747 basehttp 3380 123145389088768 "GET / HTTP/1.1" 302 0
INFO 2025-11-17 16:58:20,774 basehttp 3380 123145389088768 "GET / HTTP/1.1" 302 0
INFO 2025-11-17 16:58:20,781 basehttp 3380 123145389088768 "GET / HTTP/1.1" 302 0
INFO 2025-11-17 16:58:20,787 basehttp 3380 123145389088768 "GET / HTTP/1.1" 302 0
INFO 2025-11-17 16:58:20,796 basehttp 3380 123145389088768 "GET / HTTP/1.1" 302 0
INFO 2025-11-17 16:58:20,803 basehttp 3380 123145389088768 "GET / HTTP/1.1" 302 0
INFO 2025-11-17 16:58:20,810 basehttp 3380 123145389088768 "GET / HTTP/1.1" 302 0
INFO 2025-11-17 16:58:20,816 basehttp 3380 123145389088768 "GET / HTTP/1.1" 302 0
INFO 2025-11-17 16:58:20,824 basehttp 3380 123145389088768 "GET / HTTP/1.1" 302 0
INFO 2025-11-17 16:58:20,830 basehttp 3380 123145389088768 "GET / HTTP/1.1" 302 0
INFO 2025-11-17 16:58:20,837 basehttp 3380 123145389088768 "GET / HTTP/1.1" 302 0
INFO 2025-11-17 16:58:20,845 basehttp 3380 123145389088768 "GET / HTTP/1.1" 302 0
INFO 2025-11-17 16:58:20,852 basehttp 3380 123145389088768 "GET / HTTP/1.1" 302 0
INFO 2025-11-17 16:58:20,859 basehttp 3380 123145389088768 "GET / HTTP/1.1" 302 0
INFO 2025-11-17 16:58:20,867 basehttp 3380 123145389088768 "GET / HTTP/1.1" 302 0
INFO 2025-11-17 16:58:20,874 basehttp 3380 123145389088768 "GET / HTTP/1.1" 302 0
INFO 2025-11-17 16:58:20,883 basehttp 3380 123145389088768 "GET / HTTP/1.1" 302 0
INFO 2025-11-17 16:58:20,889 basehttp 3380 123145389088768 "GET / HTTP/1.1" 302 0
INFO 2025-11-17 16:58:20,895 basehttp 3380 123145389088768 "GET / HTTP/1.1" 302 0
INFO 2025-11-17 16:58:20,903 basehttp 3380 123145389088768 "GET / HTTP/1.1" 302 0
INFO 2025-11-17 16:58:20,910 basehttp 3380 123145389088768 "GET / HTTP/1.1" 302 0
INFO 2025-11-17 16:58:32,347 basehttp 3380 123145389088768 "GET / HTTP/1.1" 302 0
INFO 2025-11-17 16:58:32,354 basehttp 3380 123145389088768 "GET / HTTP/1.1" 302 0
INFO 2025-11-17 16:58:32,362 basehttp 3380 123145389088768 "GET / HTTP/1.1" 302 0
INFO 2025-11-17 16:58:32,371 basehttp 3380 123145389088768 "GET / HTTP/1.1" 302 0
INFO 2025-11-17 16:58:32,380 basehttp 3380 123145389088768 "GET / HTTP/1.1" 302 0
INFO 2025-11-17 16:58:32,390 basehttp 3380 123145389088768 "GET / HTTP/1.1" 302 0
INFO 2025-11-17 16:58:32,397 basehttp 3380 123145389088768 "GET / HTTP/1.1" 302 0
INFO 2025-11-17 16:58:32,403 basehttp 3380 123145389088768 "GET / HTTP/1.1" 302 0
INFO 2025-11-17 16:58:32,412 basehttp 3380 123145389088768 "GET / HTTP/1.1" 302 0
INFO 2025-11-17 16:58:32,418 basehttp 3380 123145389088768 "GET / HTTP/1.1" 302 0
INFO 2025-11-17 16:58:32,425 basehttp 3380 123145389088768 "GET / HTTP/1.1" 302 0
INFO 2025-11-17 16:58:32,432 basehttp 3380 123145389088768 "GET / HTTP/1.1" 302 0
INFO 2025-11-17 16:58:32,440 basehttp 3380 123145389088768 "GET / HTTP/1.1" 302 0
INFO 2025-11-17 16:58:32,446 basehttp 3380 123145389088768 "GET / HTTP/1.1" 302 0
INFO 2025-11-17 16:58:32,453 basehttp 3380 123145389088768 "GET / HTTP/1.1" 302 0
INFO 2025-11-17 16:58:32,463 basehttp 3380 123145389088768 "GET / HTTP/1.1" 302 0
INFO 2025-11-17 16:58:32,469 basehttp 3380 123145389088768 "GET / HTTP/1.1" 302 0
INFO 2025-11-17 16:58:32,476 basehttp 3380 123145389088768 "GET / HTTP/1.1" 302 0
INFO 2025-11-17 16:58:32,483 basehttp 3380 123145389088768 "GET / HTTP/1.1" 302 0
INFO 2025-11-17 16:58:32,490 basehttp 3380 123145389088768 "GET / HTTP/1.1" 302 0
INFO 2025-11-17 16:58:33,515 basehttp 3380 123145389088768 "GET / HTTP/1.1" 302 0
INFO 2025-11-17 16:58:33,523 basehttp 3380 123145389088768 "GET / HTTP/1.1" 302 0
INFO 2025-11-17 16:58:33,531 basehttp 3380 123145389088768 "GET / HTTP/1.1" 302 0
INFO 2025-11-17 16:58:33,539 basehttp 3380 123145389088768 "GET / HTTP/1.1" 302 0
INFO 2025-11-17 16:58:33,546 basehttp 3380 123145389088768 "GET / HTTP/1.1" 302 0
INFO 2025-11-17 16:58:33,555 basehttp 3380 123145389088768 "GET / HTTP/1.1" 302 0
INFO 2025-11-17 16:58:33,563 basehttp 3380 123145389088768 "GET / HTTP/1.1" 302 0
INFO 2025-11-17 16:58:33,592 basehttp 3380 123145389088768 "GET / HTTP/1.1" 302 0
INFO 2025-11-17 16:58:33,599 basehttp 3380 123145389088768 "GET / HTTP/1.1" 302 0
INFO 2025-11-17 16:58:33,607 basehttp 3380 123145389088768 "GET / HTTP/1.1" 302 0
INFO 2025-11-17 16:58:33,613 basehttp 3380 123145389088768 "GET / HTTP/1.1" 302 0
INFO 2025-11-17 16:58:33,620 basehttp 3380 123145389088768 "GET / HTTP/1.1" 302 0
INFO 2025-11-17 16:58:33,628 basehttp 3380 123145389088768 "GET / HTTP/1.1" 302 0
INFO 2025-11-17 16:58:33,635 basehttp 3380 123145389088768 "GET / HTTP/1.1" 302 0
INFO 2025-11-17 16:58:33,646 basehttp 3380 123145389088768 "GET / HTTP/1.1" 302 0
INFO 2025-11-17 16:58:33,652 basehttp 3380 123145389088768 "GET / HTTP/1.1" 302 0
INFO 2025-11-17 16:58:33,659 basehttp 3380 123145389088768 "GET / HTTP/1.1" 302 0
INFO 2025-11-17 16:58:33,667 basehttp 3380 123145389088768 "GET / HTTP/1.1" 302 0
INFO 2025-11-17 16:58:33,675 basehttp 3380 123145389088768 "GET / HTTP/1.1" 302 0
INFO 2025-11-17 16:58:33,681 basehttp 3380 123145389088768 "GET / HTTP/1.1" 302 0
INFO 2025-11-17 16:59:18,990 autoreload 3407 140704634279488 Watching for file changes with StatReloader
INFO 2025-11-17 16:59:22,739 basehttp 3407 123145494712320 "GET / HTTP/1.1" 302 0
INFO 2025-11-17 16:59:22,751 basehttp 3407 123145494712320 "GET / HTTP/1.1" 302 0
INFO 2025-11-17 16:59:22,759 basehttp 3407 123145494712320 "GET / HTTP/1.1" 302 0
INFO 2025-11-17 16:59:22,767 basehttp 3407 123145494712320 "GET / HTTP/1.1" 302 0
INFO 2025-11-17 16:59:22,776 basehttp 3407 123145494712320 "GET / HTTP/1.1" 302 0
INFO 2025-11-17 16:59:22,783 basehttp 3407 123145494712320 "GET / HTTP/1.1" 302 0
INFO 2025-11-17 16:59:22,790 basehttp 3407 123145494712320 "GET / HTTP/1.1" 302 0
INFO 2025-11-17 16:59:22,798 basehttp 3407 123145494712320 "GET / HTTP/1.1" 302 0
INFO 2025-11-17 16:59:22,805 basehttp 3407 123145494712320 "GET / HTTP/1.1" 302 0
INFO 2025-11-17 16:59:22,812 basehttp 3407 123145494712320 "GET / HTTP/1.1" 302 0
INFO 2025-11-17 16:59:22,820 basehttp 3407 123145494712320 "GET / HTTP/1.1" 302 0
INFO 2025-11-17 16:59:22,828 basehttp 3407 123145494712320 "GET / HTTP/1.1" 302 0
INFO 2025-11-17 16:59:22,834 basehttp 3407 123145494712320 "GET / HTTP/1.1" 302 0
INFO 2025-11-17 16:59:22,842 basehttp 3407 123145494712320 "GET / HTTP/1.1" 302 0
INFO 2025-11-17 16:59:22,849 basehttp 3407 123145494712320 "GET / HTTP/1.1" 302 0
INFO 2025-11-17 16:59:22,855 basehttp 3407 123145494712320 "GET / HTTP/1.1" 302 0
INFO 2025-11-17 16:59:22,863 basehttp 3407 123145494712320 "GET / HTTP/1.1" 302 0
INFO 2025-11-17 16:59:22,870 basehttp 3407 123145494712320 "GET / HTTP/1.1" 302 0
INFO 2025-11-17 16:59:22,877 basehttp 3407 123145494712320 "GET / HTTP/1.1" 302 0
INFO 2025-11-17 16:59:22,885 basehttp 3407 123145494712320 "GET / HTTP/1.1" 302 0
INFO 2025-11-17 16:59:23,912 basehttp 3407 123145494712320 "GET / HTTP/1.1" 302 0
INFO 2025-11-17 16:59:23,919 basehttp 3407 123145494712320 "GET / HTTP/1.1" 302 0
INFO 2025-11-17 16:59:23,927 basehttp 3407 123145494712320 "GET / HTTP/1.1" 302 0
INFO 2025-11-17 16:59:23,934 basehttp 3407 123145494712320 "GET / HTTP/1.1" 302 0
INFO 2025-11-17 16:59:23,940 basehttp 3407 123145494712320 "GET / HTTP/1.1" 302 0
INFO 2025-11-17 16:59:23,950 basehttp 3407 123145494712320 "GET / HTTP/1.1" 302 0
INFO 2025-11-17 16:59:23,957 basehttp 3407 123145494712320 "GET / HTTP/1.1" 302 0
INFO 2025-11-17 16:59:23,965 basehttp 3407 123145494712320 "GET / HTTP/1.1" 302 0
INFO 2025-11-17 16:59:23,975 basehttp 3407 123145494712320 "GET / HTTP/1.1" 302 0
INFO 2025-11-17 16:59:23,982 basehttp 3407 123145494712320 "GET / HTTP/1.1" 302 0
INFO 2025-11-17 16:59:23,989 basehttp 3407 123145494712320 "GET / HTTP/1.1" 302 0
INFO 2025-11-17 16:59:23,996 basehttp 3407 123145494712320 "GET / HTTP/1.1" 302 0
INFO 2025-11-17 16:59:24,003 basehttp 3407 123145494712320 "GET / HTTP/1.1" 302 0
INFO 2025-11-17 16:59:24,009 basehttp 3407 123145494712320 "GET / HTTP/1.1" 302 0
INFO 2025-11-17 16:59:24,017 basehttp 3407 123145494712320 "GET / HTTP/1.1" 302 0
INFO 2025-11-17 16:59:24,024 basehttp 3407 123145494712320 "GET / HTTP/1.1" 302 0
INFO 2025-11-17 16:59:24,031 basehttp 3407 123145494712320 "GET / HTTP/1.1" 302 0
INFO 2025-11-17 16:59:24,039 basehttp 3407 123145494712320 "GET / HTTP/1.1" 302 0
INFO 2025-11-17 16:59:24,045 basehttp 3407 123145494712320 "GET / HTTP/1.1" 302 0
INFO 2025-11-17 16:59:24,052 basehttp 3407 123145494712320 "GET / HTTP/1.1" 302 0
INFO 2025-11-17 16:59:29,067 basehttp 3407 123145494712320 "GET / HTTP/1.1" 302 0
INFO 2025-11-17 16:59:29,073 basehttp 3407 123145494712320 "GET / HTTP/1.1" 302 0
INFO 2025-11-17 16:59:29,081 basehttp 3407 123145494712320 "GET / HTTP/1.1" 302 0
INFO 2025-11-17 16:59:29,089 basehttp 3407 123145494712320 "GET / HTTP/1.1" 302 0
INFO 2025-11-17 16:59:29,096 basehttp 3407 123145494712320 "GET / HTTP/1.1" 302 0
INFO 2025-11-17 16:59:29,105 basehttp 3407 123145494712320 "GET / HTTP/1.1" 302 0
INFO 2025-11-17 16:59:29,111 basehttp 3407 123145494712320 "GET / HTTP/1.1" 302 0
INFO 2025-11-17 16:59:29,121 basehttp 3407 123145494712320 "GET / HTTP/1.1" 302 0
INFO 2025-11-17 16:59:29,128 basehttp 3407 123145494712320 "GET / HTTP/1.1" 302 0
INFO 2025-11-17 16:59:29,136 basehttp 3407 123145494712320 "GET / HTTP/1.1" 302 0
INFO 2025-11-17 16:59:29,144 basehttp 3407 123145494712320 "GET / HTTP/1.1" 302 0
INFO 2025-11-17 16:59:29,152 basehttp 3407 123145494712320 "GET / HTTP/1.1" 302 0
INFO 2025-11-17 16:59:29,159 basehttp 3407 123145494712320 "GET / HTTP/1.1" 302 0
INFO 2025-11-17 16:59:29,167 basehttp 3407 123145494712320 "GET / HTTP/1.1" 302 0
INFO 2025-11-17 16:59:29,174 basehttp 3407 123145494712320 "GET / HTTP/1.1" 302 0
INFO 2025-11-17 16:59:29,181 basehttp 3407 123145494712320 "GET / HTTP/1.1" 302 0
INFO 2025-11-17 16:59:29,189 basehttp 3407 123145494712320 "GET / HTTP/1.1" 302 0
INFO 2025-11-17 16:59:29,196 basehttp 3407 123145494712320 "GET / HTTP/1.1" 302 0
INFO 2025-11-17 16:59:29,203 basehttp 3407 123145494712320 "GET / HTTP/1.1" 302 0
INFO 2025-11-17 16:59:29,211 basehttp 3407 123145494712320 "GET / HTTP/1.1" 302 0
INFO 2025-11-17 17:01:42,460 autoreload 3443 140704634279488 Watching for file changes with StatReloader
INFO 2025-11-17 17:02:01,901 autoreload 3443 140704634279488 /Users/sw-team/Desktop/meeting-space-saas/config/settings.py changed, reloading.
INFO 2025-11-17 17:02:04,999 autoreload 3452 140704634279488 Watching for file changes with StatReloader
INFO 2025-11-17 17:02:07,196 basehttp 3452 123145456005120 "GET / HTTP/1.1" 200 50613
INFO 2025-11-17 17:04:47,026 basehttp 3452 123145456005120 "GET / HTTP/1.1" 200 8389
INFO 2025-11-17 17:04:53,317 basehttp 3452 123145456005120 "GET / HTTP/1.1" 200 8389
WARNING 2025-11-17 17:04:57,538 log 3452 123145456005120 Not Found: /bookings/reservations/create/
WARNING 2025-11-17 17:04:57,538 basehttp 3452 123145456005120 "GET /bookings/reservations/create/ HTTP/1.1" 404 4233
WARNING 2025-11-17 17:05:00,324 log 3452 123145456005120 Not Found: /bookings/reservations/
WARNING 2025-11-17 17:05:00,324 basehttp 3452 123145456005120 "GET /bookings/reservations/ HTTP/1.1" 404 4007
WARNING 2025-11-17 17:05:02,284 log 3452 123145456005120 Not Found: /bookings/meeting-rooms/
WARNING 2025-11-17 17:05:02,284 basehttp 3452 123145456005120 "GET /bookings/meeting-rooms/ HTTP/1.1" 404 2925
INFO 2025-11-17 17:08:13,170 autoreload 3452 140704634279488 /Users/sw-team/Desktop/meeting-space-saas/apps/common/middleware.py changed, reloading.
INFO 2025-11-17 17:08:13,570 autoreload 3494 140704634279488 Watching for file changes with StatReloader
INFO 2025-11-17 17:08:34,010 autoreload 3494 140704634279488 /Users/sw-team/Desktop/meeting-space-saas/config/settings.py changed, reloading.
INFO 2025-11-17 17:08:34,397 autoreload 3507 140704634279488 Watching for file changes with StatReloader
INFO 2025-11-17 17:10:21,981 autoreload 3507 140704634279488 /Users/sw-team/Desktop/meeting-space-saas/config/settings.py changed, reloading.
INFO 2025-11-17 17:10:22,375 autoreload 3535 140704634279488 Watching for file changes with StatReloader
INFO 2025-11-17 17:10:23,862 basehttp 3535 123145457332224 "GET / HTTP/1.1" 200 8389
INFO 2025-11-17 17:10:25,304 basehttp 3535 123145457332224 "GET /bookings/reservations/create/ HTTP/1.1" 200 12590
INFO 2025-11-17 17:10:27,041 basehttp 3535 123145457332224 "GET /bookings/reservations/ HTTP/1.1" 200 10929
INFO 2025-11-17 17:10:27,858 basehttp 3535 123145457332224 "GET /bookings/meeting-rooms/ HTTP/1.1" 200 7540
INFO 2025-11-17 17:10:28,700 basehttp 3535 123145457332224 "GET /bookings/reservations/ HTTP/1.1" 200 10929
INFO 2025-11-17 17:10:29,291 basehttp 3535 123145457332224 "GET /bookings/reservations/ HTTP/1.1" 200 10929
